{"uid":"c225dc5fb27b9127","name":"Check displaying of empty courses list","fullName":"tests.courses.test_courses.TestCourses#test_empty_courses_list","historyId":"52819afde9c88e9964383828876debff","time":{"start":1755089842826,"stop":1755089848931,"duration":6105},"description":"\n        Тест для проверки пустого списка курсов.\n        Использует фикстуру courses_list_page_with_state для работы с авторизованной сессией.\n        ","descriptionHtml":"<pre><code>    Тест для проверки пустого списка курсов.\n    Использует фикстуру courses_list_page_with_state для работы с авторизованной сессией.\n</code></pre>\n","status":"failed","statusMessage":"AssertionError: Locator expected to be visible\nActual value: <element(s) not found> \nCall log:\n  - Expect \"to_be_visible\" with timeout 5000ms\n  - waiting for get_by_test_id(\"navbar-logo\").first","statusTrace":"self = <test_courses.TestCourses object at 0x7fc684378110>\ncourses_list_page_with_state = <pages.courses.courses_list_page.CoursesListPage object at 0x7fc67fff3750>\n\n    @allure.title(\"Check displaying of empty courses list\")\n    @allure.severity(Severity.NORMAL)\n    def test_empty_courses_list(self, courses_list_page_with_state: CoursesListPage):\n        \"\"\"\n        Тест для проверки пустого списка курсов.\n        Использует фикстуру courses_list_page_with_state для работы с авторизованной сессией.\n        \"\"\"\n        # Переход на страницу курсов\n        courses_list_page_with_state.visit(AppRoute.COURSES)  # Используем AppRoute\n    \n        # Проверка компонентов навигации\n>       courses_list_page_with_state.navbar.check_visible(settings.test_user.username)  # Используем settings\n\ntests/courses/test_courses.py:36: \n_ _ _ _ _ _ _ _ _ _ _ _ _ _ _ _ _ _ _ _ _ _ _ _ _ _ _ _ _ _ _ _ _ _ _ _ _ _ _ _ \ncomponents/navigation/navbar_component.py:20: in check_visible\n    self.navbar_logo.check_visible()\n_ _ _ _ _ _ _ _ _ _ _ _ _ _ _ _ _ _ _ _ _ _ _ _ _ _ _ _ _ _ _ _ _ _ _ _ _ _ _ _ \n\nself = <elements.image.Image object at 0x7fc67fff3810>, nth = 0, kwargs = {}\nstep = 'Checking that image \"Navbar logo\" is visible'\nlocator = <Locator frame=<Frame name= url='https://nikita-filonov.github.io/qa-automation-engineer-ui-course/#/courses'> selector='internal:testid=[data-testid=\"navbar-logo\"s] >> nth=0'>\n\n    def check_visible(self, nth: int = 0, **kwargs):\n        \"\"\"Проверяет видимость элемента на странице.\"\"\"\n        step = f'Checking that {self.type_of} \"{self.name}\" is visible'\n    \n        with allure.step(step):\n            locator = self.get_locator(nth, **kwargs)\n            logger.info(step)\n>           expect(locator).to_be_visible()\nE           AssertionError: Locator expected to be visible\nE           Actual value: <element(s) not found> \nE           Call log:\nE             - Expect \"to_be_visible\" with timeout 5000ms\nE             - waiting for get_by_test_id(\"navbar-logo\").first\n\nelements/base_element.py:68: AssertionError","flaky":false,"newFailed":false,"newBroken":false,"newPassed":false,"retriesCount":1,"retriesStatusChange":false,"beforeStages":[{"name":"pytestconfig","time":{"start":1755089834640,"stop":1755089834640,"duration":0},"status":"passed","steps":[],"attachments":[],"parameters":[],"shouldDisplayMessage":false,"stepsCount":0,"attachmentsCount":0,"hasContent":false},{"name":"_verify_url","time":{"start":1755089834640,"stop":1755089834640,"duration":0},"status":"passed","steps":[],"attachments":[],"parameters":[],"shouldDisplayMessage":false,"stepsCount":0,"attachmentsCount":0,"hasContent":false},{"name":"delete_output_dir","time":{"start":1755089834640,"stop":1755089834640,"duration":0},"status":"passed","steps":[],"attachments":[],"parameters":[],"shouldDisplayMessage":false,"stepsCount":0,"attachmentsCount":0,"hasContent":false},{"name":"_session_faker","time":{"start":1755089834640,"stop":1755089834697,"duration":57},"status":"passed","steps":[],"attachments":[],"parameters":[],"shouldDisplayMessage":false,"stepsCount":0,"attachmentsCount":0,"hasContent":false},{"name":"base_url","time":{"start":1755089834640,"stop":1755089834640,"duration":0},"status":"passed","steps":[],"attachments":[],"parameters":[],"shouldDisplayMessage":false,"stepsCount":0,"attachmentsCount":0,"hasContent":false},{"name":"playwright","time":{"start":1755089834697,"stop":1755089835010,"duration":313},"status":"passed","steps":[],"attachments":[],"parameters":[],"shouldDisplayMessage":false,"stepsCount":0,"attachmentsCount":0,"hasContent":false},{"name":"save_allure_environment_file","time":{"start":1755089834697,"stop":1755089834697,"duration":0},"status":"passed","steps":[],"attachments":[],"parameters":[],"shouldDisplayMessage":false,"stepsCount":0,"attachmentsCount":0,"hasContent":false},{"name":"initialize_browser_state","time":{"start":1755089841537,"stop":1755089842704,"duration":1167},"status":"passed","steps":[{"name":"Opening the url \"AppRoute.REGISTRATION\"","time":{"start":1755089841616,"stop":1755089842519,"duration":903},"status":"passed","steps":[],"attachments":[],"parameters":[],"shouldDisplayMessage":false,"stepsCount":0,"attachmentsCount":0,"hasContent":false},{"name":"Fill registration form","time":{"start":1755089842519,"stop":1755089842607,"duration":88},"status":"passed","steps":[{"name":"Fill input \"Email\" to value \"user.name@gmail.com\"","time":{"start":1755089842519,"stop":1755089842557,"duration":38},"status":"passed","steps":[{"name":"Getting locator with \"data-testid=registration-form-email-input\" at index \"0\"","time":{"start":1755089842519,"stop":1755089842519,"duration":0},"status":"passed","steps":[],"attachments":[],"parameters":[],"shouldDisplayMessage":false,"stepsCount":0,"attachmentsCount":0,"hasContent":false}],"attachments":[],"parameters":[],"shouldDisplayMessage":false,"stepsCount":1,"attachmentsCount":0,"hasContent":true},{"name":"Checking that input \"Email\" has a value \"user.name@gmail.com\"","time":{"start":1755089842557,"stop":1755089842563,"duration":6},"status":"passed","steps":[{"name":"Getting locator with \"data-testid=registration-form-email-input\" at index \"0\"","time":{"start":1755089842557,"stop":1755089842557,"duration":0},"status":"passed","steps":[],"attachments":[],"parameters":[],"shouldDisplayMessage":false,"stepsCount":0,"attachmentsCount":0,"hasContent":false}],"attachments":[],"parameters":[],"shouldDisplayMessage":false,"stepsCount":1,"attachmentsCount":0,"hasContent":true},{"name":"Fill input \"Username\" to value \"username\"","time":{"start":1755089842563,"stop":1755089842576,"duration":13},"status":"passed","steps":[{"name":"Getting locator with \"data-testid=registration-form-username-input\" at index \"0\"","time":{"start":1755089842563,"stop":1755089842563,"duration":0},"status":"passed","steps":[],"attachments":[],"parameters":[],"shouldDisplayMessage":false,"stepsCount":0,"attachmentsCount":0,"hasContent":false}],"attachments":[],"parameters":[],"shouldDisplayMessage":false,"stepsCount":1,"attachmentsCount":0,"hasContent":true},{"name":"Checking that input \"Username\" has a value \"username\"","time":{"start":1755089842576,"stop":1755089842581,"duration":5},"status":"passed","steps":[{"name":"Getting locator with \"data-testid=registration-form-username-input\" at index \"0\"","time":{"start":1755089842576,"stop":1755089842577,"duration":1},"status":"passed","steps":[],"attachments":[],"parameters":[],"shouldDisplayMessage":false,"stepsCount":0,"attachmentsCount":0,"hasContent":false}],"attachments":[],"parameters":[],"shouldDisplayMessage":false,"stepsCount":1,"attachmentsCount":0,"hasContent":true},{"name":"Fill input \"Password\" to value \"password\"","time":{"start":1755089842581,"stop":1755089842602,"duration":21},"status":"passed","steps":[{"name":"Getting locator with \"data-testid=registration-form-password-input\" at index \"0\"","time":{"start":1755089842581,"stop":1755089842581,"duration":0},"status":"passed","steps":[],"attachments":[],"parameters":[],"shouldDisplayMessage":false,"stepsCount":0,"attachmentsCount":0,"hasContent":false}],"attachments":[],"parameters":[],"shouldDisplayMessage":false,"stepsCount":1,"attachmentsCount":0,"hasContent":true},{"name":"Checking that input \"Password\" has a value \"password\"","time":{"start":1755089842602,"stop":1755089842607,"duration":5},"status":"passed","steps":[{"name":"Getting locator with \"data-testid=registration-form-password-input\" at index \"0\"","time":{"start":1755089842602,"stop":1755089842602,"duration":0},"status":"passed","steps":[],"attachments":[],"parameters":[],"shouldDisplayMessage":false,"stepsCount":0,"attachmentsCount":0,"hasContent":false}],"attachments":[],"parameters":[],"shouldDisplayMessage":false,"stepsCount":1,"attachmentsCount":0,"hasContent":true}],"attachments":[],"parameters":[{"name":"email","value":"'user.name@gmail.com'"},{"name":"username","value":"'username'"},{"name":"password","value":"'password'"}],"shouldDisplayMessage":false,"stepsCount":12,"attachmentsCount":0,"hasContent":true},{"name":"Clicking button \"Registration\"","time":{"start":1755089842607,"stop":1755089842658,"duration":51},"status":"passed","steps":[{"name":"Getting locator with \"data-testid=registration-page-registration-button\" at index \"0\"","time":{"start":1755089842607,"stop":1755089842607,"duration":0},"status":"passed","steps":[],"attachments":[],"parameters":[],"shouldDisplayMessage":false,"stepsCount":0,"attachmentsCount":0,"hasContent":false}],"attachments":[],"parameters":[],"shouldDisplayMessage":false,"stepsCount":1,"attachmentsCount":0,"hasContent":true}],"attachments":[],"parameters":[],"shouldDisplayMessage":false,"stepsCount":16,"attachmentsCount":0,"hasContent":true},{"name":"chromium_page_with_state","time":{"start":1755089842704,"stop":1755089842825,"duration":121},"status":"passed","steps":[],"attachments":[],"parameters":[],"shouldDisplayMessage":false,"stepsCount":0,"attachmentsCount":0,"hasContent":false},{"name":"courses_list_page_with_state","time":{"start":1755089842826,"stop":1755089842826,"duration":0},"status":"passed","steps":[],"attachments":[],"parameters":[],"shouldDisplayMessage":false,"stepsCount":0,"attachmentsCount":0,"hasContent":false}],"testStage":{"description":"\n        Тест для проверки пустого списка курсов.\n        Использует фикстуру courses_list_page_with_state для работы с авторизованной сессией.\n        ","status":"failed","statusMessage":"AssertionError: Locator expected to be visible\nActual value: <element(s) not found> \nCall log:\n  - Expect \"to_be_visible\" with timeout 5000ms\n  - waiting for get_by_test_id(\"navbar-logo\").first","statusTrace":"self = <test_courses.TestCourses object at 0x7fc684378110>\ncourses_list_page_with_state = <pages.courses.courses_list_page.CoursesListPage object at 0x7fc67fff3750>\n\n    @allure.title(\"Check displaying of empty courses list\")\n    @allure.severity(Severity.NORMAL)\n    def test_empty_courses_list(self, courses_list_page_with_state: CoursesListPage):\n        \"\"\"\n        Тест для проверки пустого списка курсов.\n        Использует фикстуру courses_list_page_with_state для работы с авторизованной сессией.\n        \"\"\"\n        # Переход на страницу курсов\n        courses_list_page_with_state.visit(AppRoute.COURSES)  # Используем AppRoute\n    \n        # Проверка компонентов навигации\n>       courses_list_page_with_state.navbar.check_visible(settings.test_user.username)  # Используем settings\n\ntests/courses/test_courses.py:36: \n_ _ _ _ _ _ _ _ _ _ _ _ _ _ _ _ _ _ _ _ _ _ _ _ _ _ _ _ _ _ _ _ _ _ _ _ _ _ _ _ \ncomponents/navigation/navbar_component.py:20: in check_visible\n    self.navbar_logo.check_visible()\n_ _ _ _ _ _ _ _ _ _ _ _ _ _ _ _ _ _ _ _ _ _ _ _ _ _ _ _ _ _ _ _ _ _ _ _ _ _ _ _ \n\nself = <elements.image.Image object at 0x7fc67fff3810>, nth = 0, kwargs = {}\nstep = 'Checking that image \"Navbar logo\" is visible'\nlocator = <Locator frame=<Frame name= url='https://nikita-filonov.github.io/qa-automation-engineer-ui-course/#/courses'> selector='internal:testid=[data-testid=\"navbar-logo\"s] >> nth=0'>\n\n    def check_visible(self, nth: int = 0, **kwargs):\n        \"\"\"Проверяет видимость элемента на странице.\"\"\"\n        step = f'Checking that {self.type_of} \"{self.name}\" is visible'\n    \n        with allure.step(step):\n            locator = self.get_locator(nth, **kwargs)\n            logger.info(step)\n>           expect(locator).to_be_visible()\nE           AssertionError: Locator expected to be visible\nE           Actual value: <element(s) not found> \nE           Call log:\nE             - Expect \"to_be_visible\" with timeout 5000ms\nE             - waiting for get_by_test_id(\"navbar-logo\").first\n\nelements/base_element.py:68: AssertionError","steps":[{"name":"Opening the url \"AppRoute.COURSES\"","time":{"start":1755089842826,"stop":1755089843924,"duration":1098},"status":"passed","steps":[],"attachments":[],"parameters":[],"shouldDisplayMessage":false,"stepsCount":0,"attachmentsCount":0,"hasContent":false},{"name":"Check visible navbar with username \"'username'\"","time":{"start":1755089843924,"stop":1755089848930,"duration":5006},"status":"failed","statusMessage":"AssertionError: Locator expected to be visible\nActual value: <element(s) not found> \nCall log:\n  - Expect \"to_be_visible\" with timeout 5000ms\n  - waiting for get_by_test_id(\"navbar-logo\").first\n\n","statusTrace":"  File \"/opt/hostedtoolcache/Python/3.11.13/x64/lib/python3.11/site-packages/allure_commons/_allure.py\", line 192, in impl\n    return func(*a, **kw)\n           ^^^^^^^^^^^^^^\n  File \"/home/runner/work/autotests-ui/autotests-ui/components/navigation/navbar_component.py\", line 20, in check_visible\n    self.navbar_logo.check_visible()\n  File \"/home/runner/work/autotests-ui/autotests-ui/elements/base_element.py\", line 68, in check_visible\n    expect(locator).to_be_visible()\n  File \"/opt/hostedtoolcache/Python/3.11.13/x64/lib/python3.11/site-packages/playwright/sync_api/_generated.py\", line 20382, in to_be_visible\n    self._sync(self._impl_obj.to_be_visible(visible=visible, timeout=timeout))\n  File \"/opt/hostedtoolcache/Python/3.11.13/x64/lib/python3.11/site-packages/playwright/_impl/_sync_base.py\", line 115, in _sync\n    return task.result()\n           ^^^^^^^^^^^^^\n  File \"/opt/hostedtoolcache/Python/3.11.13/x64/lib/python3.11/site-packages/playwright/_impl/_assertions.py\", line 741, in to_be_visible\n    await self._expect_impl(\n  File \"/opt/hostedtoolcache/Python/3.11.13/x64/lib/python3.11/site-packages/playwright/_impl/_assertions.py\", line 75, in _expect_impl\n    raise AssertionError(\n","steps":[{"name":"Checking that image \"Navbar logo\" is visible","time":{"start":1755089843924,"stop":1755089848930,"duration":5006},"status":"failed","statusMessage":"AssertionError: Locator expected to be visible\nActual value: <element(s) not found> \nCall log:\n  - Expect \"to_be_visible\" with timeout 5000ms\n  - waiting for get_by_test_id(\"navbar-logo\").first\n\n","statusTrace":"  File \"/home/runner/work/autotests-ui/autotests-ui/elements/base_element.py\", line 68, in check_visible\n    expect(locator).to_be_visible()\n  File \"/opt/hostedtoolcache/Python/3.11.13/x64/lib/python3.11/site-packages/playwright/sync_api/_generated.py\", line 20382, in to_be_visible\n    self._sync(self._impl_obj.to_be_visible(visible=visible, timeout=timeout))\n  File \"/opt/hostedtoolcache/Python/3.11.13/x64/lib/python3.11/site-packages/playwright/_impl/_sync_base.py\", line 115, in _sync\n    return task.result()\n           ^^^^^^^^^^^^^\n  File \"/opt/hostedtoolcache/Python/3.11.13/x64/lib/python3.11/site-packages/playwright/_impl/_assertions.py\", line 741, in to_be_visible\n    await self._expect_impl(\n  File \"/opt/hostedtoolcache/Python/3.11.13/x64/lib/python3.11/site-packages/playwright/_impl/_assertions.py\", line 75, in _expect_impl\n    raise AssertionError(\n","steps":[{"name":"Getting locator with \"data-testid=navbar-logo\" at index \"0\"","time":{"start":1755089843924,"stop":1755089843924,"duration":0},"status":"passed","steps":[],"attachments":[],"parameters":[],"shouldDisplayMessage":false,"stepsCount":0,"attachmentsCount":0,"hasContent":false}],"attachments":[],"parameters":[],"shouldDisplayMessage":true,"stepsCount":1,"attachmentsCount":0,"hasContent":true}],"attachments":[],"parameters":[{"name":"username","value":"'username'"}],"shouldDisplayMessage":false,"stepsCount":2,"attachmentsCount":0,"hasContent":true}],"attachments":[{"uid":"55e5e1f0d10cbcad","name":"log","source":"55e5e1f0d10cbcad.txt","type":"text/plain","size":1722}],"parameters":[],"shouldDisplayMessage":true,"stepsCount":4,"attachmentsCount":1,"hasContent":true},"afterStages":[{"name":"chromium_page_with_state::0","time":{"start":1755089848938,"stop":1755089849008,"duration":70},"status":"passed","steps":[],"attachments":[{"uid":"8dbbd6f9d5df3f5a","name":"trace","source":"8dbbd6f9d5df3f5a.zip","type":"application/zip","size":160867},{"uid":"d70b8896355d5d6b","name":"video","source":"d70b8896355d5d6b.webm","type":"video/webm","size":0}],"parameters":[],"shouldDisplayMessage":false,"stepsCount":0,"attachmentsCount":2,"hasContent":true},{"name":"playwright::0","time":{"start":1755089856005,"stop":1755089856014,"duration":9},"status":"passed","steps":[],"attachments":[],"parameters":[],"shouldDisplayMessage":false,"stepsCount":0,"attachmentsCount":0,"hasContent":false},{"name":"save_allure_environment_file::0","time":{"start":1755089856015,"stop":1755089856015,"duration":0},"status":"passed","steps":[],"attachments":[],"parameters":[],"shouldDisplayMessage":false,"stepsCount":0,"attachmentsCount":0,"hasContent":false}],"labels":[{"name":"parentSuite","value":"LMS system"},{"name":"feature","value":"Courses"},{"name":"suite","value":"Courses"},{"name":"epic","value":"LMS system"},{"name":"tag","value":"COURSES"},{"name":"subSuite","value":"Courses"},{"name":"severity","value":"normal"},{"name":"tag","value":"REGRESSION"},{"name":"story","value":"Courses"},{"name":"tag","value":"regression"},{"name":"tag","value":"courses"},{"name":"host","value":"pkrvmsl9tci6h6u"},{"name":"thread","value":"6001-MainThread"},{"name":"framework","value":"pytest"},{"name":"language","value":"cpython3"},{"name":"package","value":"tests.courses.test_courses"},{"name":"resultFormat","value":"allure2"}],"parameters":[{"name":"chromium_page_with_state","value":"'Browser.CHROMIUM'"}],"links":[],"hidden":false,"retry":false,"extra":{"severity":"normal","retries":[{"uid":"97e3bde0f364a451","status":"failed","statusDetails":"AssertionError: Locator expected to be visible\nActual value: <element(s) not found> \nCall log:\n  - Expect \"to_be_visible\" with timeout 5000ms\n  - waiting for get_by_test_id(\"navbar-logo\").first","time":{"start":1755001719665,"stop":1755001726110,"duration":6445}}],"categories":[{"name":"Product defects","matchedStatuses":[],"flaky":false}],"history":{"statistic":{"failed":5,"broken":1,"skipped":0,"passed":0,"unknown":0,"total":6},"items":[{"uid":"89ff80b28b678d11","reportUrl":"https://DaShamin666.github.io/autotests-ui/5//#testresult/89ff80b28b678d11","status":"failed","statusDetails":"AssertionError: Locator expected to be visible\nActual value: <element(s) not found> \nCall log:\n  - Expect \"to_be_visible\" with timeout 5000ms\n  - waiting for get_by_test_id(\"navbar-logo\").first","time":{"start":1755001719665,"stop":1755001726110,"duration":6445}},{"uid":"1401ba8032be23b5","reportUrl":"https://DaShamin666.github.io/autotests-ui/4//#testresult/1401ba8032be23b5","status":"failed","statusDetails":"AssertionError: Locator expected to be visible\nActual value: <element(s) not found> \nCall log:\n  - Expect \"to_be_visible\" with timeout 5000ms\n  - waiting for get_by_test_id(\"navbar-logo\").first","time":{"start":1755029022944,"stop":1755029029132,"duration":6188}},{"uid":"414fab4c383f667c","reportUrl":"https://DaShamin666.github.io/autotests-ui/3//#testresult/414fab4c383f667c","status":"failed","statusDetails":"AssertionError: Locator expected to be visible\nActual value: <element(s) not found> \nCall log:\n  - Expect \"to_be_visible\" with timeout 5000ms\n  - waiting for get_by_test_id(\"navbar-logo\").first","time":{"start":1755028367785,"stop":1755028373884,"duration":6099}},{"uid":"406d6630b60ad3cd","reportUrl":"https://DaShamin666.github.io/autotests-ui/2//#testresult/406d6630b60ad3cd","status":"broken","statusDetails":"playwright._impl._errors.TargetClosedError: BrowserType.launch: Target page, context or browser has been closed\nBrowser logs:\n\n╔════════════════════════════════════════════════════════════════════════════════════════════════╗\n║ Looks like you launched a headed browser without having a XServer running.                     ║\n║ Set either 'headless: true' or use 'xvfb-run <your-playwright-app>' before running Playwright. ║\n║                                                                                                ║\n║ <3 Playwright Team                                                                             ║\n╚════════════════════════════════════════════════════════════════════════════════════════════════╝\nCall log:\n  - <launching> /home/runner/.cache/ms-playwright/chromium-1179/chrome-linux/chrome --disable-field-trial-config --disable-background-networking --disable-background-timer-throttling --disable-backgrounding-occluded-windows --disable-back-forward-cache --disable-breakpad --disable-client-side-phishing-detection --disable-component-extensions-with-background-pages --disable-component-update --no-default-browser-check --disable-default-apps --disable-dev-shm-usage --disable-extensions --disable-features=AcceptCHFrame,AutoExpandDetailsElement,AvoidUnnecessaryBeforeUnloadCheckSync,CertificateTransparencyComponentUpdater,DestroyProfileOnBrowserClose,DialMediaRouteProvider,ExtensionManifestV2Disabled,GlobalMediaControls,HttpsUpgrades,ImprovedCookieControls,LazyFrameLoading,LensOverlay,MediaRouter,PaintHolding,ThirdPartyStoragePartitioning,Translate --allow-pre-commit-input --disable-hang-monitor --disable-ipc-flooding-protection --disable-popup-blocking --disable-prompt-on-repost --disable-renderer-backgrounding --force-color-profile=srgb --metrics-recording-only --no-first-run --password-store=basic --use-mock-keychain --no-service-autorun --export-tagged-pdf --disable-search-engine-choice-screen --unsafely-disable-devtools-self-xss-warnings --enable-automation --no-sandbox --user-data-dir=/tmp/playwright_chromiumdev_profile-VTscGB --remote-debugging-pipe --no-startup-window\n  - <launched> pid=6432\n  - [pid=6432][err] [6432:6432:0812/194115.022750:ERROR:ui/ozone/platform/x11/ozone_platform_x11.cc:249] Missing X server or $DISPLAY\n  - [pid=6432][err] [6432:6432:0812/194115.022782:ERROR:ui/aura/env.cc:257] The platform failed to initialize.  Exiting.","time":{"start":1755027674960,"stop":1755027674960,"duration":0}},{"uid":"1fa68c849808d1bf","reportUrl":"https://DaShamin666.github.io/autotests-ui/1//#testresult/1fa68c849808d1bf","status":"failed","statusDetails":"AssertionError: Locator expected to be visible\nActual value: <element(s) not found> \nCall log:\n  - Expect \"to_be_visible\" with timeout 5000ms\n  - waiting for get_by_test_id(\"navbar-logo\").first","time":{"start":1755001719665,"stop":1755001726110,"duration":6445}}]},"tags":["REGRESSION","courses","regression","COURSES"]},"source":"c225dc5fb27b9127.json","parameterValues":["'Browser.CHROMIUM'"]}