{"uid":"d0c7409ead759a9d","name":"Check displaying of dashboard page","fullName":"tests.dashboard.test_dashboard.TestDashboard#test_dashboard_displaying","historyId":"a17840214f48630f4981881e7ef1dde7","time":{"start":1755001868460,"stop":1755001874598,"duration":6138},"status":"failed","statusMessage":"AssertionError: Locator expected to be visible\nActual value: <element(s) not found> \nCall log:\n  - Expect \"to_be_visible\" with timeout 5000ms\n  - waiting for get_by_test_id(\"navbar-logo\").first","statusTrace":"self = <test_dashboard.TestDashboard object at 0x10594be00>\ndashboard_page_with_state = <pages.dashboard.dashboard_page.DashboardPage object at 0x105d2fd70>\n\n    @allure.title(\"Check displaying of dashboard page\")\n    @allure.severity(Severity.NORMAL)\n    def test_dashboard_displaying(self, dashboard_page_with_state: DashboardPage):\n        dashboard_page_with_state.visit(AppRoute.DASHBOARD)  # Используем AppRoute\n    \n        # Проверка компонентов навигации\n>       dashboard_page_with_state.navbar.check_visible(settings.test_user.username)  # Используем settings\n\ntests/dashboard/test_dashboard.py:30: \n_ _ _ _ _ _ _ _ _ _ _ _ _ _ _ _ _ _ _ _ _ _ _ _ _ _ _ _ _ _ _ _ _ _ _ _ _ _ _ _ _ _ _ _ _ _ _ _ _ _ _ _ _ _ \ncomponents/navigation/navbar_component.py:20: in check_visible\n    self.navbar_logo.check_visible()\n_ _ _ _ _ _ _ _ _ _ _ _ _ _ _ _ _ _ _ _ _ _ _ _ _ _ _ _ _ _ _ _ _ _ _ _ _ _ _ _ _ _ _ _ _ _ _ _ _ _ _ _ _ _ \n\nself = <elements.image.Image object at 0x105d2d130>, nth = 0, kwargs = {}\nlocator = <Locator frame=<Frame name= url='https://nikita-filonov.github.io/qa-automation-engineer-ui-course/#/auth/login'> selector='internal:testid=[data-testid=\"navbar-logo\"s] >> nth=0'>\n\n    def check_visible(self, nth: int = 0, **kwargs):\n        \"\"\"Проверяет видимость элемента на странице.\"\"\"\n        with allure.step(f'Checking that {self.type_of} \"{self.name}\" is visible'):  # Добавили шаг\n            locator = self.get_locator(nth, **kwargs)\n>           expect(locator).to_be_visible()\nE           AssertionError: Locator expected to be visible\nE           Actual value: <element(s) not found> \nE           Call log:\nE             - Expect \"to_be_visible\" with timeout 5000ms\nE             - waiting for get_by_test_id(\"navbar-logo\").first\n\nelements/base_element.py:31: AssertionError","flaky":false,"newFailed":false,"newBroken":false,"newPassed":false,"retriesCount":0,"retriesStatusChange":false,"beforeStages":[{"name":"_session_faker","time":{"start":1755001657507,"stop":1755001657525,"duration":18},"status":"passed","steps":[],"attachments":[],"parameters":[],"shouldDisplayMessage":false,"stepsCount":0,"attachmentsCount":0,"hasContent":false},{"name":"pytestconfig","time":{"start":1755001657526,"stop":1755001657526,"duration":0},"status":"passed","steps":[],"attachments":[],"parameters":[],"shouldDisplayMessage":false,"stepsCount":0,"attachmentsCount":0,"hasContent":false},{"name":"delete_output_dir","time":{"start":1755001657526,"stop":1755001657526,"duration":0},"status":"passed","steps":[],"attachments":[],"parameters":[],"shouldDisplayMessage":false,"stepsCount":0,"attachmentsCount":0,"hasContent":false},{"name":"playwright","time":{"start":1755001657526,"stop":1755001657813,"duration":287},"status":"passed","steps":[],"attachments":[],"parameters":[],"shouldDisplayMessage":false,"stepsCount":0,"attachmentsCount":0,"hasContent":false},{"name":"base_url","time":{"start":1755001657526,"stop":1755001657526,"duration":0},"status":"passed","steps":[],"attachments":[],"parameters":[],"shouldDisplayMessage":false,"stepsCount":0,"attachmentsCount":0,"hasContent":false},{"name":"_verify_url","time":{"start":1755001657526,"stop":1755001657526,"duration":0},"status":"passed","steps":[],"attachments":[],"parameters":[],"shouldDisplayMessage":false,"stepsCount":0,"attachmentsCount":0,"hasContent":false},{"name":"initialize_browser_state","time":{"start":1755001717757,"stop":1755001719461,"duration":1704},"status":"passed","steps":[{"name":"Opening the url \"AppRoute.REGISTRATION\"","time":{"start":1755001717903,"stop":1755001719280,"duration":1377},"status":"passed","steps":[],"attachments":[],"parameters":[],"shouldDisplayMessage":false,"stepsCount":0,"attachmentsCount":0,"hasContent":false},{"name":"Fill registration form","time":{"start":1755001719281,"stop":1755001719386,"duration":105},"status":"passed","steps":[{"name":"Fill input \"Email\" to value \"user.name@gmail.com\"","time":{"start":1755001719281,"stop":1755001719326,"duration":45},"status":"passed","steps":[{"name":"Getting locator with \"data-testid=registration-form-email-input\" at index \"0\"","time":{"start":1755001719281,"stop":1755001719281,"duration":0},"status":"passed","steps":[],"attachments":[],"parameters":[],"shouldDisplayMessage":false,"stepsCount":0,"attachmentsCount":0,"hasContent":false}],"attachments":[],"parameters":[],"shouldDisplayMessage":false,"stepsCount":1,"attachmentsCount":0,"hasContent":true},{"name":"Checking that input \"Email\" has a value \"user.name@gmail.com\"","time":{"start":1755001719326,"stop":1755001719330,"duration":4},"status":"passed","steps":[{"name":"Getting locator with \"data-testid=registration-form-email-input\" at index \"0\"","time":{"start":1755001719326,"stop":1755001719326,"duration":0},"status":"passed","steps":[],"attachments":[],"parameters":[],"shouldDisplayMessage":false,"stepsCount":0,"attachmentsCount":0,"hasContent":false}],"attachments":[],"parameters":[],"shouldDisplayMessage":false,"stepsCount":1,"attachmentsCount":0,"hasContent":true},{"name":"Fill input \"Username\" to value \"username\"","time":{"start":1755001719330,"stop":1755001719343,"duration":13},"status":"passed","steps":[{"name":"Getting locator with \"data-testid=registration-form-username-input\" at index \"0\"","time":{"start":1755001719330,"stop":1755001719330,"duration":0},"status":"passed","steps":[],"attachments":[],"parameters":[],"shouldDisplayMessage":false,"stepsCount":0,"attachmentsCount":0,"hasContent":false}],"attachments":[],"parameters":[],"shouldDisplayMessage":false,"stepsCount":1,"attachmentsCount":0,"hasContent":true},{"name":"Checking that input \"Username\" has a value \"username\"","time":{"start":1755001719343,"stop":1755001719346,"duration":3},"status":"passed","steps":[{"name":"Getting locator with \"data-testid=registration-form-username-input\" at index \"0\"","time":{"start":1755001719343,"stop":1755001719343,"duration":0},"status":"passed","steps":[],"attachments":[],"parameters":[],"shouldDisplayMessage":false,"stepsCount":0,"attachmentsCount":0,"hasContent":false}],"attachments":[],"parameters":[],"shouldDisplayMessage":false,"stepsCount":1,"attachmentsCount":0,"hasContent":true},{"name":"Fill input \"Password\" to value \"password\"","time":{"start":1755001719346,"stop":1755001719382,"duration":36},"status":"passed","steps":[{"name":"Getting locator with \"data-testid=registration-form-password-input\" at index \"0\"","time":{"start":1755001719346,"stop":1755001719346,"duration":0},"status":"passed","steps":[],"attachments":[],"parameters":[],"shouldDisplayMessage":false,"stepsCount":0,"attachmentsCount":0,"hasContent":false}],"attachments":[],"parameters":[],"shouldDisplayMessage":false,"stepsCount":1,"attachmentsCount":0,"hasContent":true},{"name":"Checking that input \"Password\" has a value \"password\"","time":{"start":1755001719382,"stop":1755001719386,"duration":4},"status":"passed","steps":[{"name":"Getting locator with \"data-testid=registration-form-password-input\" at index \"0\"","time":{"start":1755001719382,"stop":1755001719382,"duration":0},"status":"passed","steps":[],"attachments":[],"parameters":[],"shouldDisplayMessage":false,"stepsCount":0,"attachmentsCount":0,"hasContent":false}],"attachments":[],"parameters":[],"shouldDisplayMessage":false,"stepsCount":1,"attachmentsCount":0,"hasContent":true}],"attachments":[],"parameters":[{"name":"email","value":"'user.name@gmail.com'"},{"name":"username","value":"'username'"},{"name":"password","value":"'password'"}],"shouldDisplayMessage":false,"stepsCount":12,"attachmentsCount":0,"hasContent":true},{"name":"Clicking button \"Registration\"","time":{"start":1755001719386,"stop":1755001719430,"duration":44},"status":"passed","steps":[{"name":"Getting locator with \"data-testid=registration-page-registration-button\" at index \"0\"","time":{"start":1755001719386,"stop":1755001719386,"duration":0},"status":"passed","steps":[],"attachments":[],"parameters":[],"shouldDisplayMessage":false,"stepsCount":0,"attachmentsCount":0,"hasContent":false}],"attachments":[],"parameters":[],"shouldDisplayMessage":false,"stepsCount":1,"attachmentsCount":0,"hasContent":true}],"attachments":[],"parameters":[],"shouldDisplayMessage":false,"stepsCount":16,"attachmentsCount":0,"hasContent":true},{"name":"chromium_page_with_state","time":{"start":1755001867440,"stop":1755001868460,"duration":1020},"status":"passed","steps":[],"attachments":[],"parameters":[],"shouldDisplayMessage":false,"stepsCount":0,"attachmentsCount":0,"hasContent":false},{"name":"dashboard_page_with_state","time":{"start":1755001868460,"stop":1755001868460,"duration":0},"status":"passed","steps":[],"attachments":[],"parameters":[],"shouldDisplayMessage":false,"stepsCount":0,"attachmentsCount":0,"hasContent":false}],"testStage":{"status":"failed","statusMessage":"AssertionError: Locator expected to be visible\nActual value: <element(s) not found> \nCall log:\n  - Expect \"to_be_visible\" with timeout 5000ms\n  - waiting for get_by_test_id(\"navbar-logo\").first","statusTrace":"self = <test_dashboard.TestDashboard object at 0x10594be00>\ndashboard_page_with_state = <pages.dashboard.dashboard_page.DashboardPage object at 0x105d2fd70>\n\n    @allure.title(\"Check displaying of dashboard page\")\n    @allure.severity(Severity.NORMAL)\n    def test_dashboard_displaying(self, dashboard_page_with_state: DashboardPage):\n        dashboard_page_with_state.visit(AppRoute.DASHBOARD)  # Используем AppRoute\n    \n        # Проверка компонентов навигации\n>       dashboard_page_with_state.navbar.check_visible(settings.test_user.username)  # Используем settings\n\ntests/dashboard/test_dashboard.py:30: \n_ _ _ _ _ _ _ _ _ _ _ _ _ _ _ _ _ _ _ _ _ _ _ _ _ _ _ _ _ _ _ _ _ _ _ _ _ _ _ _ _ _ _ _ _ _ _ _ _ _ _ _ _ _ \ncomponents/navigation/navbar_component.py:20: in check_visible\n    self.navbar_logo.check_visible()\n_ _ _ _ _ _ _ _ _ _ _ _ _ _ _ _ _ _ _ _ _ _ _ _ _ _ _ _ _ _ _ _ _ _ _ _ _ _ _ _ _ _ _ _ _ _ _ _ _ _ _ _ _ _ \n\nself = <elements.image.Image object at 0x105d2d130>, nth = 0, kwargs = {}\nlocator = <Locator frame=<Frame name= url='https://nikita-filonov.github.io/qa-automation-engineer-ui-course/#/auth/login'> selector='internal:testid=[data-testid=\"navbar-logo\"s] >> nth=0'>\n\n    def check_visible(self, nth: int = 0, **kwargs):\n        \"\"\"Проверяет видимость элемента на странице.\"\"\"\n        with allure.step(f'Checking that {self.type_of} \"{self.name}\" is visible'):  # Добавили шаг\n            locator = self.get_locator(nth, **kwargs)\n>           expect(locator).to_be_visible()\nE           AssertionError: Locator expected to be visible\nE           Actual value: <element(s) not found> \nE           Call log:\nE             - Expect \"to_be_visible\" with timeout 5000ms\nE             - waiting for get_by_test_id(\"navbar-logo\").first\n\nelements/base_element.py:31: AssertionError","steps":[{"name":"Opening the url \"AppRoute.DASHBOARD\"","time":{"start":1755001868461,"stop":1755001869590,"duration":1129},"status":"passed","steps":[],"attachments":[],"parameters":[],"shouldDisplayMessage":false,"stepsCount":0,"attachmentsCount":0,"hasContent":false},{"name":"Check visible navbar with username \"'username'\"","time":{"start":1755001869590,"stop":1755001874598,"duration":5008},"status":"failed","statusMessage":"AssertionError: Locator expected to be visible\nActual value: <element(s) not found> \nCall log:\n  - Expect \"to_be_visible\" with timeout 5000ms\n  - waiting for get_by_test_id(\"navbar-logo\").first\n\n","statusTrace":"  File \"/Library/Frameworks/Python.framework/Versions/3.12/lib/python3.12/site-packages/allure_commons/_allure.py\", line 192, in impl\n    return func(*a, **kw)\n           ^^^^^^^^^^^^^^\n  File \"/Users/a123/Desktop/autotests-ui/components/navigation/navbar_component.py\", line 20, in check_visible\n    self.navbar_logo.check_visible()\n  File \"/Users/a123/Desktop/autotests-ui/elements/base_element.py\", line 31, in check_visible\n    expect(locator).to_be_visible()\n  File \"/Users/a123/Library/Python/3.12/lib/python/site-packages/playwright/sync_api/_generated.py\", line 20382, in to_be_visible\n    self._sync(self._impl_obj.to_be_visible(visible=visible, timeout=timeout))\n  File \"/Users/a123/Library/Python/3.12/lib/python/site-packages/playwright/_impl/_sync_base.py\", line 115, in _sync\n    return task.result()\n           ^^^^^^^^^^^^^\n  File \"/Users/a123/Library/Python/3.12/lib/python/site-packages/playwright/_impl/_assertions.py\", line 741, in to_be_visible\n    await self._expect_impl(\n  File \"/Users/a123/Library/Python/3.12/lib/python/site-packages/playwright/_impl/_assertions.py\", line 75, in _expect_impl\n    raise AssertionError(\n","steps":[{"name":"Checking that image \"Navbar logo\" is visible","time":{"start":1755001869590,"stop":1755001874597,"duration":5007},"status":"failed","statusMessage":"AssertionError: Locator expected to be visible\nActual value: <element(s) not found> \nCall log:\n  - Expect \"to_be_visible\" with timeout 5000ms\n  - waiting for get_by_test_id(\"navbar-logo\").first\n\n","statusTrace":"  File \"/Users/a123/Desktop/autotests-ui/elements/base_element.py\", line 31, in check_visible\n    expect(locator).to_be_visible()\n  File \"/Users/a123/Library/Python/3.12/lib/python/site-packages/playwright/sync_api/_generated.py\", line 20382, in to_be_visible\n    self._sync(self._impl_obj.to_be_visible(visible=visible, timeout=timeout))\n  File \"/Users/a123/Library/Python/3.12/lib/python/site-packages/playwright/_impl/_sync_base.py\", line 115, in _sync\n    return task.result()\n           ^^^^^^^^^^^^^\n  File \"/Users/a123/Library/Python/3.12/lib/python/site-packages/playwright/_impl/_assertions.py\", line 741, in to_be_visible\n    await self._expect_impl(\n  File \"/Users/a123/Library/Python/3.12/lib/python/site-packages/playwright/_impl/_assertions.py\", line 75, in _expect_impl\n    raise AssertionError(\n","steps":[{"name":"Getting locator with \"data-testid=navbar-logo\" at index \"0\"","time":{"start":1755001869590,"stop":1755001869590,"duration":0},"status":"passed","steps":[],"attachments":[],"parameters":[],"shouldDisplayMessage":false,"stepsCount":0,"attachmentsCount":0,"hasContent":false}],"attachments":[],"parameters":[],"shouldDisplayMessage":true,"stepsCount":1,"attachmentsCount":0,"hasContent":true}],"attachments":[],"parameters":[{"name":"username","value":"'username'"}],"shouldDisplayMessage":false,"stepsCount":2,"attachmentsCount":0,"hasContent":true}],"attachments":[],"parameters":[],"shouldDisplayMessage":true,"stepsCount":4,"attachmentsCount":0,"hasContent":true},"afterStages":[{"name":"chromium_page_with_state::0","time":{"start":1755001874602,"stop":1755001874656,"duration":54},"status":"passed","steps":[],"attachments":[{"uid":"2cb9a3457c3f8bd7","name":"trace","source":"2cb9a3457c3f8bd7.zip","type":"application/zip","size":157541},{"uid":"6963834e90083810","name":"video","source":"6963834e90083810.webm","type":"video/webm","size":35858}],"parameters":[],"shouldDisplayMessage":false,"stepsCount":0,"attachmentsCount":2,"hasContent":true},{"name":"playwright::0","time":{"start":1755001882903,"stop":1755001882910,"duration":7},"status":"passed","steps":[],"attachments":[],"parameters":[],"shouldDisplayMessage":false,"stepsCount":0,"attachmentsCount":0,"hasContent":false}],"labels":[{"name":"epic","value":"LMS system"},{"name":"tag","value":"REGRESSION"},{"name":"severity","value":"normal"},{"name":"suite","value":"Dashboard"},{"name":"subSuite","value":"Dashboard"},{"name":"story","value":"Dashboard"},{"name":"parentSuite","value":"LMS system"},{"name":"feature","value":"Dashboard"},{"name":"tag","value":"DASHBOARD"},{"name":"tag","value":"regression"},{"name":"tag","value":"dashboard"},{"name":"host","value":"MacBook-Pro-0000.local"},{"name":"thread","value":"61074-MainThread"},{"name":"framework","value":"pytest"},{"name":"language","value":"cpython3"},{"name":"package","value":"tests.dashboard.test_dashboard"},{"name":"resultFormat","value":"allure2"}],"parameters":[{"name":"chromium_page_with_state","value":"'Browser.WEBKIT'"}],"links":[],"hidden":false,"retry":false,"extra":{"severity":"normal","retries":[],"categories":[{"name":"Product defects","matchedStatuses":[],"flaky":false}],"history":{"statistic":{"failed":5,"broken":1,"skipped":0,"passed":0,"unknown":0,"total":6},"items":[{"uid":"ea78cc5716ab3751","reportUrl":"https://DaShamin666.github.io/autotests-ui/5//#testresult/ea78cc5716ab3751","status":"failed","statusDetails":"AssertionError: Locator expected to be visible\nActual value: <element(s) not found> \nCall log:\n  - Expect \"to_be_visible\" with timeout 5000ms\n  - waiting for get_by_test_id(\"navbar-logo\").first","time":{"start":1755001868460,"stop":1755001874598,"duration":6138}},{"uid":"3f05ba87d553fc9f","reportUrl":"https://DaShamin666.github.io/autotests-ui/4//#testresult/3f05ba87d553fc9f","status":"failed","statusDetails":"AssertionError: Locator expected to be visible\nActual value: <element(s) not found> \nCall log:\n  - Expect \"to_be_visible\" with timeout 5000ms\n  - waiting for get_by_test_id(\"navbar-logo\").first","time":{"start":1755029069276,"stop":1755029075205,"duration":5929}},{"uid":"5881590c13dbee55","reportUrl":"https://DaShamin666.github.io/autotests-ui/3//#testresult/5881590c13dbee55","status":"failed","statusDetails":"AssertionError: Locator expected to be visible\nActual value: <element(s) not found> \nCall log:\n  - Expect \"to_be_visible\" with timeout 5000ms\n  - waiting for get_by_test_id(\"navbar-logo\").first","time":{"start":1755028417489,"stop":1755028423499,"duration":6010}},{"uid":"7d7f44b0edd1be55","reportUrl":"https://DaShamin666.github.io/autotests-ui/2//#testresult/7d7f44b0edd1be55","status":"broken","statusDetails":"playwright._impl._errors.TargetClosedError: BrowserType.launch: Target page, context or browser has been closed\nBrowser logs:\n\n╔════════════════════════════════════════════════════════════════════════════════════════════════╗\n║ Looks like you launched a headed browser without having a XServer running.                     ║\n║ Set either 'headless: true' or use 'xvfb-run <your-playwright-app>' before running Playwright. ║\n║                                                                                                ║\n║ <3 Playwright Team                                                                             ║\n╚════════════════════════════════════════════════════════════════════════════════════════════════╝\nCall log:\n  - <launching> /home/runner/.cache/ms-playwright/chromium-1179/chrome-linux/chrome --disable-field-trial-config --disable-background-networking --disable-background-timer-throttling --disable-backgrounding-occluded-windows --disable-back-forward-cache --disable-breakpad --disable-client-side-phishing-detection --disable-component-extensions-with-background-pages --disable-component-update --no-default-browser-check --disable-default-apps --disable-dev-shm-usage --disable-extensions --disable-features=AcceptCHFrame,AutoExpandDetailsElement,AvoidUnnecessaryBeforeUnloadCheckSync,CertificateTransparencyComponentUpdater,DestroyProfileOnBrowserClose,DialMediaRouteProvider,ExtensionManifestV2Disabled,GlobalMediaControls,HttpsUpgrades,ImprovedCookieControls,LazyFrameLoading,LensOverlay,MediaRouter,PaintHolding,ThirdPartyStoragePartitioning,Translate --allow-pre-commit-input --disable-hang-monitor --disable-ipc-flooding-protection --disable-popup-blocking --disable-prompt-on-repost --disable-renderer-backgrounding --force-color-profile=srgb --metrics-recording-only --no-first-run --password-store=basic --use-mock-keychain --no-service-autorun --export-tagged-pdf --disable-search-engine-choice-screen --unsafely-disable-devtools-self-xss-warnings --enable-automation --no-sandbox --user-data-dir=/tmp/playwright_chromiumdev_profile-NzO4iq --remote-debugging-pipe --no-startup-window\n  - <launched> pid=6441\n  - [pid=6441][err] [6441:6441:0812/194115.070534:ERROR:ui/ozone/platform/x11/ozone_platform_x11.cc:249] Missing X server or $DISPLAY\n  - [pid=6441][err] [6441:6441:0812/194115.070569:ERROR:ui/aura/env.cc:257] The platform failed to initialize.  Exiting.","time":{"start":1755027675622,"stop":1755027675622,"duration":0}},{"uid":"d76652844c4bcfbd","reportUrl":"https://DaShamin666.github.io/autotests-ui/1//#testresult/d76652844c4bcfbd","status":"failed","statusDetails":"AssertionError: Locator expected to be visible\nActual value: <element(s) not found> \nCall log:\n  - Expect \"to_be_visible\" with timeout 5000ms\n  - waiting for get_by_test_id(\"navbar-logo\").first","time":{"start":1755001868460,"stop":1755001874598,"duration":6138}}]},"tags":["REGRESSION","DASHBOARD","regression","dashboard"]},"source":"d0c7409ead759a9d.json","parameterValues":["'Browser.WEBKIT'"]}