{"uid":"8578bfdd13f56758","name":"Check displaying of dashboard page","fullName":"tests.dashboard.test_dashboard.TestDashboard#test_dashboard_displaying","historyId":"2665a68cc041e66979fef8ac01824763","time":{"start":1755097964447,"stop":1755097970634,"duration":6187},"status":"failed","statusMessage":"AssertionError: Locator expected to be visible\nActual value: <element(s) not found> \nCall log:\n  - Expect \"to_be_visible\" with timeout 5000ms\n  - waiting for get_by_test_id(\"navbar-logo\").first","statusTrace":"self = <test_dashboard.TestDashboard object at 0x7fcf87587690>\ndashboard_page_with_state = <pages.dashboard.dashboard_page.DashboardPage object at 0x7fcf860332d0>\n\n    @allure.title(\"Check displaying of dashboard page\")\n    @allure.severity(Severity.NORMAL)\n    def test_dashboard_displaying(self, dashboard_page_with_state: DashboardPage):\n        dashboard_page_with_state.visit(AppRoute.DASHBOARD)  # Используем AppRoute\n    \n        # Проверка компонентов навигации\n>       dashboard_page_with_state.navbar.check_visible(settings.test_user.username)  # Используем settings\n\ntests/dashboard/test_dashboard.py:30: \n_ _ _ _ _ _ _ _ _ _ _ _ _ _ _ _ _ _ _ _ _ _ _ _ _ _ _ _ _ _ _ _ _ _ _ _ _ _ _ _ \ncomponents/navigation/navbar_component.py:20: in check_visible\n    self.navbar_logo.check_visible()\n_ _ _ _ _ _ _ _ _ _ _ _ _ _ _ _ _ _ _ _ _ _ _ _ _ _ _ _ _ _ _ _ _ _ _ _ _ _ _ _ \n\nself = <elements.image.Image object at 0x7fcf86030450>, nth = 0, kwargs = {}\nstep = 'Checking that image \"Navbar logo\" is visible'\nlocator = <Locator frame=<Frame name= url='https://nikita-filonov.github.io/qa-automation-engineer-ui-course/#/dashboard'> selector='internal:testid=[data-testid=\"navbar-logo\"s] >> nth=0'>\n\n    def check_visible(self, nth: int = 0, **kwargs):\n        \"\"\"Проверяет видимость элемента на странице.\"\"\"\n        step = f'Checking that {self.type_of} \"{self.name}\" is visible'\n    \n        with allure.step(step):\n            locator = self.get_locator(nth, **kwargs)\n            logger.info(step)\n>           expect(locator).to_be_visible()\nE           AssertionError: Locator expected to be visible\nE           Actual value: <element(s) not found> \nE           Call log:\nE             - Expect \"to_be_visible\" with timeout 5000ms\nE             - waiting for get_by_test_id(\"navbar-logo\").first\n\nelements/base_element.py:68: AssertionError","flaky":false,"newFailed":false,"newBroken":false,"newPassed":false,"retriesCount":1,"retriesStatusChange":false,"beforeStages":[{"name":"pytestconfig","time":{"start":1755097946416,"stop":1755097946416,"duration":0},"status":"passed","steps":[],"attachments":[],"parameters":[],"shouldDisplayMessage":false,"stepsCount":0,"attachmentsCount":0,"hasContent":false},{"name":"delete_output_dir","time":{"start":1755097946416,"stop":1755097946416,"duration":0},"status":"passed","steps":[],"attachments":[],"parameters":[],"shouldDisplayMessage":false,"stepsCount":0,"attachmentsCount":0,"hasContent":false},{"name":"_verify_url","time":{"start":1755097946417,"stop":1755097946417,"duration":0},"status":"passed","steps":[],"attachments":[],"parameters":[],"shouldDisplayMessage":false,"stepsCount":0,"attachmentsCount":0,"hasContent":false},{"name":"base_url","time":{"start":1755097946417,"stop":1755097946417,"duration":0},"status":"passed","steps":[],"attachments":[],"parameters":[],"shouldDisplayMessage":false,"stepsCount":0,"attachmentsCount":0,"hasContent":false},{"name":"_session_faker","time":{"start":1755097946417,"stop":1755097946473,"duration":56},"status":"passed","steps":[],"attachments":[],"parameters":[],"shouldDisplayMessage":false,"stepsCount":0,"attachmentsCount":0,"hasContent":false},{"name":"save_allure_environment_file","time":{"start":1755097946473,"stop":1755097946473,"duration":0},"status":"passed","steps":[],"attachments":[],"parameters":[],"shouldDisplayMessage":false,"stepsCount":0,"attachmentsCount":0,"hasContent":false},{"name":"playwright","time":{"start":1755097946473,"stop":1755097946791,"duration":318},"status":"passed","steps":[],"attachments":[],"parameters":[],"shouldDisplayMessage":false,"stepsCount":0,"attachmentsCount":0,"hasContent":false},{"name":"initialize_browser_state","time":{"start":1755097962969,"stop":1755097964263,"duration":1294},"status":"passed","steps":[{"name":"Opening the url \"AppRoute.REGISTRATION\"","time":{"start":1755097963079,"stop":1755097964037,"duration":958},"status":"passed","steps":[],"attachments":[],"parameters":[],"shouldDisplayMessage":false,"stepsCount":0,"attachmentsCount":0,"hasContent":false},{"name":"Fill registration form","time":{"start":1755097964037,"stop":1755097964169,"duration":132},"status":"passed","steps":[{"name":"Fill input \"Email\" to value \"user.name@gmail.com\"","time":{"start":1755097964038,"stop":1755097964094,"duration":56},"status":"passed","steps":[{"name":"Getting locator with \"data-testid=registration-form-email-input\" at index \"0\"","time":{"start":1755097964038,"stop":1755097964038,"duration":0},"status":"passed","steps":[],"attachments":[],"parameters":[],"shouldDisplayMessage":false,"stepsCount":0,"attachmentsCount":0,"hasContent":false}],"attachments":[],"parameters":[],"shouldDisplayMessage":false,"stepsCount":1,"attachmentsCount":0,"hasContent":true},{"name":"Checking that input \"Email\" has a value \"user.name@gmail.com\"","time":{"start":1755097964094,"stop":1755097964106,"duration":12},"status":"passed","steps":[{"name":"Getting locator with \"data-testid=registration-form-email-input\" at index \"0\"","time":{"start":1755097964094,"stop":1755097964095,"duration":1},"status":"passed","steps":[],"attachments":[],"parameters":[],"shouldDisplayMessage":false,"stepsCount":0,"attachmentsCount":0,"hasContent":false}],"attachments":[],"parameters":[],"shouldDisplayMessage":false,"stepsCount":1,"attachmentsCount":0,"hasContent":true},{"name":"Fill input \"Username\" to value \"username\"","time":{"start":1755097964106,"stop":1755097964128,"duration":22},"status":"passed","steps":[{"name":"Getting locator with \"data-testid=registration-form-username-input\" at index \"0\"","time":{"start":1755097964106,"stop":1755097964106,"duration":0},"status":"passed","steps":[],"attachments":[],"parameters":[],"shouldDisplayMessage":false,"stepsCount":0,"attachmentsCount":0,"hasContent":false}],"attachments":[],"parameters":[],"shouldDisplayMessage":false,"stepsCount":1,"attachmentsCount":0,"hasContent":true},{"name":"Checking that input \"Username\" has a value \"username\"","time":{"start":1755097964129,"stop":1755097964135,"duration":6},"status":"passed","steps":[{"name":"Getting locator with \"data-testid=registration-form-username-input\" at index \"0\"","time":{"start":1755097964129,"stop":1755097964129,"duration":0},"status":"passed","steps":[],"attachments":[],"parameters":[],"shouldDisplayMessage":false,"stepsCount":0,"attachmentsCount":0,"hasContent":false}],"attachments":[],"parameters":[],"shouldDisplayMessage":false,"stepsCount":1,"attachmentsCount":0,"hasContent":true},{"name":"Fill input \"Password\" to value \"password\"","time":{"start":1755097964135,"stop":1755097964159,"duration":24},"status":"passed","steps":[{"name":"Getting locator with \"data-testid=registration-form-password-input\" at index \"0\"","time":{"start":1755097964135,"stop":1755097964135,"duration":0},"status":"passed","steps":[],"attachments":[],"parameters":[],"shouldDisplayMessage":false,"stepsCount":0,"attachmentsCount":0,"hasContent":false}],"attachments":[],"parameters":[],"shouldDisplayMessage":false,"stepsCount":1,"attachmentsCount":0,"hasContent":true},{"name":"Checking that input \"Password\" has a value \"password\"","time":{"start":1755097964160,"stop":1755097964169,"duration":9},"status":"passed","steps":[{"name":"Getting locator with \"data-testid=registration-form-password-input\" at index \"0\"","time":{"start":1755097964160,"stop":1755097964160,"duration":0},"status":"passed","steps":[],"attachments":[],"parameters":[],"shouldDisplayMessage":false,"stepsCount":0,"attachmentsCount":0,"hasContent":false}],"attachments":[],"parameters":[],"shouldDisplayMessage":false,"stepsCount":1,"attachmentsCount":0,"hasContent":true}],"attachments":[],"parameters":[{"name":"email","value":"'user.name@gmail.com'"},{"name":"username","value":"'username'"},{"name":"password","value":"'password'"}],"shouldDisplayMessage":false,"stepsCount":12,"attachmentsCount":0,"hasContent":true},{"name":"Clicking button \"Registration\"","time":{"start":1755097964169,"stop":1755097964228,"duration":59},"status":"passed","steps":[{"name":"Getting locator with \"data-testid=registration-page-registration-button\" at index \"0\"","time":{"start":1755097964169,"stop":1755097964169,"duration":0},"status":"passed","steps":[],"attachments":[],"parameters":[],"shouldDisplayMessage":false,"stepsCount":0,"attachmentsCount":0,"hasContent":false}],"attachments":[],"parameters":[],"shouldDisplayMessage":false,"stepsCount":1,"attachmentsCount":0,"hasContent":true}],"attachments":[],"parameters":[],"shouldDisplayMessage":false,"stepsCount":16,"attachmentsCount":0,"hasContent":true},{"name":"chromium_page_with_state","time":{"start":1755097964264,"stop":1755097964446,"duration":182},"status":"passed","steps":[],"attachments":[],"parameters":[],"shouldDisplayMessage":false,"stepsCount":0,"attachmentsCount":0,"hasContent":false},{"name":"dashboard_page_with_state","time":{"start":1755097964446,"stop":1755097964447,"duration":1},"status":"passed","steps":[],"attachments":[],"parameters":[],"shouldDisplayMessage":false,"stepsCount":0,"attachmentsCount":0,"hasContent":false}],"testStage":{"status":"failed","statusMessage":"AssertionError: Locator expected to be visible\nActual value: <element(s) not found> \nCall log:\n  - Expect \"to_be_visible\" with timeout 5000ms\n  - waiting for get_by_test_id(\"navbar-logo\").first","statusTrace":"self = <test_dashboard.TestDashboard object at 0x7fcf87587690>\ndashboard_page_with_state = <pages.dashboard.dashboard_page.DashboardPage object at 0x7fcf860332d0>\n\n    @allure.title(\"Check displaying of dashboard page\")\n    @allure.severity(Severity.NORMAL)\n    def test_dashboard_displaying(self, dashboard_page_with_state: DashboardPage):\n        dashboard_page_with_state.visit(AppRoute.DASHBOARD)  # Используем AppRoute\n    \n        # Проверка компонентов навигации\n>       dashboard_page_with_state.navbar.check_visible(settings.test_user.username)  # Используем settings\n\ntests/dashboard/test_dashboard.py:30: \n_ _ _ _ _ _ _ _ _ _ _ _ _ _ _ _ _ _ _ _ _ _ _ _ _ _ _ _ _ _ _ _ _ _ _ _ _ _ _ _ \ncomponents/navigation/navbar_component.py:20: in check_visible\n    self.navbar_logo.check_visible()\n_ _ _ _ _ _ _ _ _ _ _ _ _ _ _ _ _ _ _ _ _ _ _ _ _ _ _ _ _ _ _ _ _ _ _ _ _ _ _ _ \n\nself = <elements.image.Image object at 0x7fcf86030450>, nth = 0, kwargs = {}\nstep = 'Checking that image \"Navbar logo\" is visible'\nlocator = <Locator frame=<Frame name= url='https://nikita-filonov.github.io/qa-automation-engineer-ui-course/#/dashboard'> selector='internal:testid=[data-testid=\"navbar-logo\"s] >> nth=0'>\n\n    def check_visible(self, nth: int = 0, **kwargs):\n        \"\"\"Проверяет видимость элемента на странице.\"\"\"\n        step = f'Checking that {self.type_of} \"{self.name}\" is visible'\n    \n        with allure.step(step):\n            locator = self.get_locator(nth, **kwargs)\n            logger.info(step)\n>           expect(locator).to_be_visible()\nE           AssertionError: Locator expected to be visible\nE           Actual value: <element(s) not found> \nE           Call log:\nE             - Expect \"to_be_visible\" with timeout 5000ms\nE             - waiting for get_by_test_id(\"navbar-logo\").first\n\nelements/base_element.py:68: AssertionError","steps":[{"name":"Opening the url \"AppRoute.DASHBOARD\"","time":{"start":1755097964447,"stop":1755097965606,"duration":1159},"status":"passed","steps":[],"attachments":[],"parameters":[],"shouldDisplayMessage":false,"stepsCount":0,"attachmentsCount":0,"hasContent":false},{"name":"Check visible navbar with username \"'username'\"","time":{"start":1755097965606,"stop":1755097970633,"duration":5027},"status":"failed","statusMessage":"AssertionError: Locator expected to be visible\nActual value: <element(s) not found> \nCall log:\n  - Expect \"to_be_visible\" with timeout 5000ms\n  - waiting for get_by_test_id(\"navbar-logo\").first\n\n","statusTrace":"  File \"/opt/hostedtoolcache/Python/3.11.13/x64/lib/python3.11/site-packages/allure_commons/_allure.py\", line 192, in impl\n    return func(*a, **kw)\n           ^^^^^^^^^^^^^^\n  File \"/home/runner/work/autotests-ui/autotests-ui/components/navigation/navbar_component.py\", line 20, in check_visible\n    self.navbar_logo.check_visible()\n  File \"/home/runner/work/autotests-ui/autotests-ui/elements/base_element.py\", line 68, in check_visible\n    expect(locator).to_be_visible()\n  File \"/opt/hostedtoolcache/Python/3.11.13/x64/lib/python3.11/site-packages/playwright/sync_api/_generated.py\", line 20382, in to_be_visible\n    self._sync(self._impl_obj.to_be_visible(visible=visible, timeout=timeout))\n  File \"/opt/hostedtoolcache/Python/3.11.13/x64/lib/python3.11/site-packages/playwright/_impl/_sync_base.py\", line 115, in _sync\n    return task.result()\n           ^^^^^^^^^^^^^\n  File \"/opt/hostedtoolcache/Python/3.11.13/x64/lib/python3.11/site-packages/playwright/_impl/_assertions.py\", line 741, in to_be_visible\n    await self._expect_impl(\n  File \"/opt/hostedtoolcache/Python/3.11.13/x64/lib/python3.11/site-packages/playwright/_impl/_assertions.py\", line 75, in _expect_impl\n    raise AssertionError(\n","steps":[{"name":"Checking that image \"Navbar logo\" is visible","time":{"start":1755097965606,"stop":1755097970633,"duration":5027},"status":"failed","statusMessage":"AssertionError: Locator expected to be visible\nActual value: <element(s) not found> \nCall log:\n  - Expect \"to_be_visible\" with timeout 5000ms\n  - waiting for get_by_test_id(\"navbar-logo\").first\n\n","statusTrace":"  File \"/home/runner/work/autotests-ui/autotests-ui/elements/base_element.py\", line 68, in check_visible\n    expect(locator).to_be_visible()\n  File \"/opt/hostedtoolcache/Python/3.11.13/x64/lib/python3.11/site-packages/playwright/sync_api/_generated.py\", line 20382, in to_be_visible\n    self._sync(self._impl_obj.to_be_visible(visible=visible, timeout=timeout))\n  File \"/opt/hostedtoolcache/Python/3.11.13/x64/lib/python3.11/site-packages/playwright/_impl/_sync_base.py\", line 115, in _sync\n    return task.result()\n           ^^^^^^^^^^^^^\n  File \"/opt/hostedtoolcache/Python/3.11.13/x64/lib/python3.11/site-packages/playwright/_impl/_assertions.py\", line 741, in to_be_visible\n    await self._expect_impl(\n  File \"/opt/hostedtoolcache/Python/3.11.13/x64/lib/python3.11/site-packages/playwright/_impl/_assertions.py\", line 75, in _expect_impl\n    raise AssertionError(\n","steps":[{"name":"Getting locator with \"data-testid=navbar-logo\" at index \"0\"","time":{"start":1755097965606,"stop":1755097965609,"duration":3},"status":"passed","steps":[],"attachments":[],"parameters":[],"shouldDisplayMessage":false,"stepsCount":0,"attachmentsCount":0,"hasContent":false}],"attachments":[],"parameters":[],"shouldDisplayMessage":true,"stepsCount":1,"attachmentsCount":0,"hasContent":true}],"attachments":[],"parameters":[{"name":"username","value":"'username'"}],"shouldDisplayMessage":false,"stepsCount":2,"attachmentsCount":0,"hasContent":true}],"attachments":[{"uid":"a202d56666286595","name":"log","source":"a202d56666286595.txt","type":"text/plain","size":1724}],"parameters":[],"shouldDisplayMessage":true,"stepsCount":4,"attachmentsCount":1,"hasContent":true},"afterStages":[{"name":"chromium_page_with_state::0","time":{"start":1755097970638,"stop":1755097970728,"duration":90},"status":"passed","steps":[],"attachments":[{"uid":"192ba101935ba66f","name":"trace","source":"192ba101935ba66f.zip","type":"application/zip","size":469764},{"uid":"7dcdfb97b4355a46","name":"video","source":"7dcdfb97b4355a46.webm","type":"video/webm","size":0}],"parameters":[],"shouldDisplayMessage":false,"stepsCount":0,"attachmentsCount":2,"hasContent":true},{"name":"playwright::0","time":{"start":1755097971451,"stop":1755097971460,"duration":9},"status":"passed","steps":[],"attachments":[],"parameters":[],"shouldDisplayMessage":false,"stepsCount":0,"attachmentsCount":0,"hasContent":false},{"name":"save_allure_environment_file::0","time":{"start":1755097971460,"stop":1755097971460,"duration":0},"status":"passed","steps":[],"attachments":[],"parameters":[],"shouldDisplayMessage":false,"stepsCount":0,"attachmentsCount":0,"hasContent":false}],"labels":[{"name":"epic","value":"LMS system"},{"name":"suite","value":"Dashboard"},{"name":"tag","value":"REGRESSION"},{"name":"story","value":"Dashboard"},{"name":"feature","value":"Dashboard"},{"name":"severity","value":"normal"},{"name":"tag","value":"DASHBOARD"},{"name":"parentSuite","value":"LMS system"},{"name":"subSuite","value":"Dashboard"},{"name":"tag","value":"regression"},{"name":"tag","value":"dashboard"},{"name":"host","value":"pkrvmsl9tci6h6u"},{"name":"thread","value":"6273-MainThread"},{"name":"framework","value":"pytest"},{"name":"language","value":"cpython3"},{"name":"package","value":"tests.dashboard.test_dashboard"},{"name":"resultFormat","value":"allure2"}],"parameters":[{"name":"chromium_page_with_state","value":"'Browser.CHROMIUM'"}],"links":[],"hidden":false,"retry":false,"extra":{"severity":"normal","retries":[{"uid":"5543d66fc9fc9d8","status":"failed","statusDetails":"AssertionError: Locator expected to be visible\nActual value: <element(s) not found> \nCall log:\n  - Expect \"to_be_visible\" with timeout 5000ms\n  - waiting for get_by_test_id(\"navbar-logo\").first","time":{"start":1755001860732,"stop":1755001867300,"duration":6568}}],"categories":[{"name":"Product defects","matchedStatuses":[],"flaky":false}],"history":{"statistic":{"failed":10,"broken":1,"skipped":0,"passed":0,"unknown":0,"total":11},"items":[{"uid":"b7e84dd94c63f30c","reportUrl":"https://DaShamin666.github.io/autotests-ui/11//#testresult/b7e84dd94c63f30c","status":"failed","statusDetails":"AssertionError: Locator expected to be visible\nActual value: <element(s) not found> \nCall log:\n  - Expect \"to_be_visible\" with timeout 5000ms\n  - waiting for get_by_test_id(\"navbar-logo\").first","time":{"start":1755096838606,"stop":1755096844824,"duration":6218}},{"uid":"98cd4fb5a8f6d3b8","reportUrl":"https://DaShamin666.github.io/autotests-ui/9//#testresult/98cd4fb5a8f6d3b8","status":"failed","statusDetails":"AssertionError: Locator expected to be visible\nActual value: <element(s) not found> \nCall log:\n  - Expect \"to_be_visible\" with timeout 5000ms\n  - waiting for get_by_test_id(\"navbar-logo\").first","time":{"start":1755001860732,"stop":1755001867300,"duration":6568}},{"uid":"f859f56c6aca7175","reportUrl":"https://DaShamin666.github.io/autotests-ui/8//#testresult/f859f56c6aca7175","status":"failed","statusDetails":"AssertionError: Locator expected to be visible\nActual value: <element(s) not found> \nCall log:\n  - Expect \"to_be_visible\" with timeout 5000ms\n  - waiting for get_by_test_id(\"navbar-logo\").first","time":{"start":1755001860732,"stop":1755001867300,"duration":6568}},{"uid":"da4daf5d712ba48","reportUrl":"https://DaShamin666.github.io/autotests-ui/7//#testresult/da4daf5d712ba48","status":"failed","statusDetails":"AssertionError: Locator expected to be visible\nActual value: <element(s) not found> \nCall log:\n  - Expect \"to_be_visible\" with timeout 5000ms\n  - waiting for get_by_test_id(\"navbar-logo\").first","time":{"start":1755001860732,"stop":1755001867300,"duration":6568}},{"uid":"5bfb5fba34629651","reportUrl":"https://DaShamin666.github.io/autotests-ui/6//#testresult/5bfb5fba34629651","status":"failed","statusDetails":"AssertionError: Locator expected to be visible\nActual value: <element(s) not found> \nCall log:\n  - Expect \"to_be_visible\" with timeout 5000ms\n  - waiting for get_by_test_id(\"navbar-logo\").first","time":{"start":1755089879207,"stop":1755089885374,"duration":6167}},{"uid":"de51ca7e3fa6aaba","reportUrl":"https://DaShamin666.github.io/autotests-ui/5//#testresult/de51ca7e3fa6aaba","status":"failed","statusDetails":"AssertionError: Locator expected to be visible\nActual value: <element(s) not found> \nCall log:\n  - Expect \"to_be_visible\" with timeout 5000ms\n  - waiting for get_by_test_id(\"navbar-logo\").first","time":{"start":1755001860732,"stop":1755001867300,"duration":6568}},{"uid":"780162931efdd853","reportUrl":"https://DaShamin666.github.io/autotests-ui/4//#testresult/780162931efdd853","status":"failed","statusDetails":"AssertionError: Locator expected to be visible\nActual value: <element(s) not found> \nCall log:\n  - Expect \"to_be_visible\" with timeout 5000ms\n  - waiting for get_by_test_id(\"navbar-logo\").first","time":{"start":1755029067212,"stop":1755029073598,"duration":6386}},{"uid":"b7b672aac8e85bbb","reportUrl":"https://DaShamin666.github.io/autotests-ui/3//#testresult/b7b672aac8e85bbb","status":"failed","statusDetails":"AssertionError: Locator expected to be visible\nActual value: <element(s) not found> \nCall log:\n  - Expect \"to_be_visible\" with timeout 5000ms\n  - waiting for get_by_test_id(\"navbar-logo\").first","time":{"start":1755028412162,"stop":1755028418527,"duration":6365}},{"uid":"3fa82bfa49b62df2","reportUrl":"https://DaShamin666.github.io/autotests-ui/2//#testresult/3fa82bfa49b62df2","status":"broken","statusDetails":"playwright._impl._errors.TargetClosedError: BrowserType.launch: Target page, context or browser has been closed\nBrowser logs:\n\n╔════════════════════════════════════════════════════════════════════════════════════════════════╗\n║ Looks like you launched a headed browser without having a XServer running.                     ║\n║ Set either 'headless: true' or use 'xvfb-run <your-playwright-app>' before running Playwright. ║\n║                                                                                                ║\n║ <3 Playwright Team                                                                             ║\n╚════════════════════════════════════════════════════════════════════════════════════════════════╝\nCall log:\n  - <launching> /home/runner/.cache/ms-playwright/chromium-1179/chrome-linux/chrome --disable-field-trial-config --disable-background-networking --disable-background-timer-throttling --disable-backgrounding-occluded-windows --disable-back-forward-cache --disable-breakpad --disable-client-side-phishing-detection --disable-component-extensions-with-background-pages --disable-component-update --no-default-browser-check --disable-default-apps --disable-dev-shm-usage --disable-extensions --disable-features=AcceptCHFrame,AutoExpandDetailsElement,AvoidUnnecessaryBeforeUnloadCheckSync,CertificateTransparencyComponentUpdater,DestroyProfileOnBrowserClose,DialMediaRouteProvider,ExtensionManifestV2Disabled,GlobalMediaControls,HttpsUpgrades,ImprovedCookieControls,LazyFrameLoading,LensOverlay,MediaRouter,PaintHolding,ThirdPartyStoragePartitioning,Translate --allow-pre-commit-input --disable-hang-monitor --disable-ipc-flooding-protection --disable-popup-blocking --disable-prompt-on-repost --disable-renderer-backgrounding --force-color-profile=srgb --metrics-recording-only --no-first-run --password-store=basic --use-mock-keychain --no-service-autorun --export-tagged-pdf --disable-search-engine-choice-screen --unsafely-disable-devtools-self-xss-warnings --enable-automation --no-sandbox --user-data-dir=/tmp/playwright_chromiumdev_profile-VTscGB --remote-debugging-pipe --no-startup-window\n  - <launched> pid=6432\n  - [pid=6432][err] [6432:6432:0812/194115.022750:ERROR:ui/ozone/platform/x11/ozone_platform_x11.cc:249] Missing X server or $DISPLAY\n  - [pid=6432][err] [6432:6432:0812/194115.022782:ERROR:ui/aura/env.cc:257] The platform failed to initialize.  Exiting.","time":{"start":1755027675586,"stop":1755027675586,"duration":0}},{"uid":"ac6a1350d520224c","reportUrl":"https://DaShamin666.github.io/autotests-ui/1//#testresult/ac6a1350d520224c","status":"failed","statusDetails":"AssertionError: Locator expected to be visible\nActual value: <element(s) not found> \nCall log:\n  - Expect \"to_be_visible\" with timeout 5000ms\n  - waiting for get_by_test_id(\"navbar-logo\").first","time":{"start":1755001860732,"stop":1755001867300,"duration":6568}}]},"tags":["REGRESSION","DASHBOARD","regression","dashboard"]},"source":"8578bfdd13f56758.json","parameterValues":["'Browser.CHROMIUM'"]}