{"uid":"3f05ba87d553fc9f","name":"Check displaying of dashboard page","fullName":"tests.dashboard.test_dashboard.TestDashboard#test_dashboard_displaying","historyId":"a17840214f48630f4981881e7ef1dde7","time":{"start":1755029069276,"stop":1755029075205,"duration":5929},"status":"failed","statusMessage":"AssertionError: Locator expected to be visible\nActual value: <element(s) not found> \nCall log:\n  - Expect \"to_be_visible\" with timeout 5000ms\n  - waiting for get_by_test_id(\"navbar-logo\").first","statusTrace":"self = <test_dashboard.TestDashboard object at 0x7f9aa7382a50>\ndashboard_page_with_state = <pages.dashboard.dashboard_page.DashboardPage object at 0x7f9aa5e55bd0>\n\n    @allure.title(\"Check displaying of dashboard page\")\n    @allure.severity(Severity.NORMAL)\n    def test_dashboard_displaying(self, dashboard_page_with_state: DashboardPage):\n        dashboard_page_with_state.visit(AppRoute.DASHBOARD)  # Используем AppRoute\n    \n        # Проверка компонентов навигации\n>       dashboard_page_with_state.navbar.check_visible(settings.test_user.username)  # Используем settings\n\ntests/dashboard/test_dashboard.py:30: \n_ _ _ _ _ _ _ _ _ _ _ _ _ _ _ _ _ _ _ _ _ _ _ _ _ _ _ _ _ _ _ _ _ _ _ _ _ _ _ _ \ncomponents/navigation/navbar_component.py:20: in check_visible\n    self.navbar_logo.check_visible()\n_ _ _ _ _ _ _ _ _ _ _ _ _ _ _ _ _ _ _ _ _ _ _ _ _ _ _ _ _ _ _ _ _ _ _ _ _ _ _ _ \n\nself = <elements.image.Image object at 0x7f9aa5e56550>, nth = 0, kwargs = {}\nstep = 'Checking that image \"Navbar logo\" is visible'\nlocator = <Locator frame=<Frame name= url='https://nikita-filonov.github.io/qa-automation-engineer-ui-course/#/dashboard'> selector='internal:testid=[data-testid=\"navbar-logo\"s] >> nth=0'>\n\n    def check_visible(self, nth: int = 0, **kwargs):\n        \"\"\"Проверяет видимость элемента на странице.\"\"\"\n        step = f'Checking that {self.type_of} \"{self.name}\" is visible'\n    \n        with allure.step(step):\n            locator = self.get_locator(nth, **kwargs)\n            logger.info(step)  # Добавили логирование\n>           expect(locator).to_be_visible()\nE           AssertionError: Locator expected to be visible\nE           Actual value: <element(s) not found> \nE           Call log:\nE             - Expect \"to_be_visible\" with timeout 5000ms\nE             - waiting for get_by_test_id(\"navbar-logo\").first\n\nelements/base_element.py:44: AssertionError","flaky":false,"newFailed":false,"newBroken":false,"newPassed":false,"retriesCount":1,"retriesStatusChange":false,"beforeStages":[{"name":"pytestconfig","time":{"start":1755029002522,"stop":1755029002522,"duration":0},"status":"passed","steps":[],"attachments":[],"parameters":[],"shouldDisplayMessage":false,"stepsCount":0,"attachmentsCount":0,"hasContent":false},{"name":"delete_output_dir","time":{"start":1755029002522,"stop":1755029002522,"duration":0},"status":"passed","steps":[],"attachments":[],"parameters":[],"shouldDisplayMessage":false,"stepsCount":0,"attachmentsCount":0,"hasContent":false},{"name":"_session_faker","time":{"start":1755029002523,"stop":1755029002579,"duration":56},"status":"passed","steps":[],"attachments":[],"parameters":[],"shouldDisplayMessage":false,"stepsCount":0,"attachmentsCount":0,"hasContent":false},{"name":"_verify_url","time":{"start":1755029002523,"stop":1755029002523,"duration":0},"status":"passed","steps":[],"attachments":[],"parameters":[],"shouldDisplayMessage":false,"stepsCount":0,"attachmentsCount":0,"hasContent":false},{"name":"base_url","time":{"start":1755029002523,"stop":1755029002523,"duration":0},"status":"passed","steps":[],"attachments":[],"parameters":[],"shouldDisplayMessage":false,"stepsCount":0,"attachmentsCount":0,"hasContent":false},{"name":"playwright","time":{"start":1755029002579,"stop":1755029002900,"duration":321},"status":"passed","steps":[],"attachments":[],"parameters":[],"shouldDisplayMessage":false,"stepsCount":0,"attachmentsCount":0,"hasContent":false},{"name":"save_allure_environment_file","time":{"start":1755029002579,"stop":1755029002579,"duration":0},"status":"passed","steps":[],"attachments":[],"parameters":[],"shouldDisplayMessage":false,"stepsCount":0,"attachmentsCount":0,"hasContent":false},{"name":"initialize_browser_state","time":{"start":1755029022983,"stop":1755029024311,"duration":1328},"status":"passed","steps":[{"name":"Opening the url \"AppRoute.REGISTRATION\"","time":{"start":1755029023110,"stop":1755029024125,"duration":1015},"status":"passed","steps":[],"attachments":[],"parameters":[],"shouldDisplayMessage":false,"stepsCount":0,"attachmentsCount":0,"hasContent":false},{"name":"Fill registration form","time":{"start":1755029024125,"stop":1755029024219,"duration":94},"status":"passed","steps":[{"name":"Fill input \"Email\" to value \"user.name@gmail.com\"","time":{"start":1755029024125,"stop":1755029024172,"duration":47},"status":"passed","steps":[{"name":"Getting locator with \"data-testid=registration-form-email-input\" at index \"0\"","time":{"start":1755029024125,"stop":1755029024126,"duration":1},"status":"passed","steps":[],"attachments":[],"parameters":[],"shouldDisplayMessage":false,"stepsCount":0,"attachmentsCount":0,"hasContent":false}],"attachments":[],"parameters":[],"shouldDisplayMessage":false,"stepsCount":1,"attachmentsCount":0,"hasContent":true},{"name":"Checking that input \"Email\" has a value \"user.name@gmail.com\"","time":{"start":1755029024172,"stop":1755029024178,"duration":6},"status":"passed","steps":[{"name":"Getting locator with \"data-testid=registration-form-email-input\" at index \"0\"","time":{"start":1755029024172,"stop":1755029024173,"duration":1},"status":"passed","steps":[],"attachments":[],"parameters":[],"shouldDisplayMessage":false,"stepsCount":0,"attachmentsCount":0,"hasContent":false}],"attachments":[],"parameters":[],"shouldDisplayMessage":false,"stepsCount":1,"attachmentsCount":0,"hasContent":true},{"name":"Fill input \"Username\" to value \"username\"","time":{"start":1755029024178,"stop":1755029024194,"duration":16},"status":"passed","steps":[{"name":"Getting locator with \"data-testid=registration-form-username-input\" at index \"0\"","time":{"start":1755029024178,"stop":1755029024178,"duration":0},"status":"passed","steps":[],"attachments":[],"parameters":[],"shouldDisplayMessage":false,"stepsCount":0,"attachmentsCount":0,"hasContent":false}],"attachments":[],"parameters":[],"shouldDisplayMessage":false,"stepsCount":1,"attachmentsCount":0,"hasContent":true},{"name":"Checking that input \"Username\" has a value \"username\"","time":{"start":1755029024194,"stop":1755029024200,"duration":6},"status":"passed","steps":[{"name":"Getting locator with \"data-testid=registration-form-username-input\" at index \"0\"","time":{"start":1755029024194,"stop":1755029024195,"duration":1},"status":"passed","steps":[],"attachments":[],"parameters":[],"shouldDisplayMessage":false,"stepsCount":0,"attachmentsCount":0,"hasContent":false}],"attachments":[],"parameters":[],"shouldDisplayMessage":false,"stepsCount":1,"attachmentsCount":0,"hasContent":true},{"name":"Fill input \"Password\" to value \"password\"","time":{"start":1755029024200,"stop":1755029024214,"duration":14},"status":"passed","steps":[{"name":"Getting locator with \"data-testid=registration-form-password-input\" at index \"0\"","time":{"start":1755029024200,"stop":1755029024200,"duration":0},"status":"passed","steps":[],"attachments":[],"parameters":[],"shouldDisplayMessage":false,"stepsCount":0,"attachmentsCount":0,"hasContent":false}],"attachments":[],"parameters":[],"shouldDisplayMessage":false,"stepsCount":1,"attachmentsCount":0,"hasContent":true},{"name":"Checking that input \"Password\" has a value \"password\"","time":{"start":1755029024214,"stop":1755029024219,"duration":5},"status":"passed","steps":[{"name":"Getting locator with \"data-testid=registration-form-password-input\" at index \"0\"","time":{"start":1755029024214,"stop":1755029024214,"duration":0},"status":"passed","steps":[],"attachments":[],"parameters":[],"shouldDisplayMessage":false,"stepsCount":0,"attachmentsCount":0,"hasContent":false}],"attachments":[],"parameters":[],"shouldDisplayMessage":false,"stepsCount":1,"attachmentsCount":0,"hasContent":true}],"attachments":[],"parameters":[{"name":"email","value":"'user.name@gmail.com'"},{"name":"username","value":"'username'"},{"name":"password","value":"'password'"}],"shouldDisplayMessage":false,"stepsCount":12,"attachmentsCount":0,"hasContent":true},{"name":"Clicking button \"Registration\"","time":{"start":1755029024219,"stop":1755029024283,"duration":64},"status":"passed","steps":[{"name":"Getting locator with \"data-testid=registration-page-registration-button\" at index \"0\"","time":{"start":1755029024219,"stop":1755029024219,"duration":0},"status":"passed","steps":[],"attachments":[],"parameters":[],"shouldDisplayMessage":false,"stepsCount":0,"attachmentsCount":0,"hasContent":false}],"attachments":[],"parameters":[],"shouldDisplayMessage":false,"stepsCount":1,"attachmentsCount":0,"hasContent":true}],"attachments":[],"parameters":[],"shouldDisplayMessage":false,"stepsCount":16,"attachmentsCount":0,"hasContent":true},{"name":"chromium_page_with_state","time":{"start":1755029068600,"stop":1755029069274,"duration":674},"status":"passed","steps":[],"attachments":[],"parameters":[],"shouldDisplayMessage":false,"stepsCount":0,"attachmentsCount":0,"hasContent":false},{"name":"dashboard_page_with_state","time":{"start":1755029069274,"stop":1755029069274,"duration":0},"status":"passed","steps":[],"attachments":[],"parameters":[],"shouldDisplayMessage":false,"stepsCount":0,"attachmentsCount":0,"hasContent":false}],"testStage":{"status":"failed","statusMessage":"AssertionError: Locator expected to be visible\nActual value: <element(s) not found> \nCall log:\n  - Expect \"to_be_visible\" with timeout 5000ms\n  - waiting for get_by_test_id(\"navbar-logo\").first","statusTrace":"self = <test_dashboard.TestDashboard object at 0x7f9aa7382a50>\ndashboard_page_with_state = <pages.dashboard.dashboard_page.DashboardPage object at 0x7f9aa5e55bd0>\n\n    @allure.title(\"Check displaying of dashboard page\")\n    @allure.severity(Severity.NORMAL)\n    def test_dashboard_displaying(self, dashboard_page_with_state: DashboardPage):\n        dashboard_page_with_state.visit(AppRoute.DASHBOARD)  # Используем AppRoute\n    \n        # Проверка компонентов навигации\n>       dashboard_page_with_state.navbar.check_visible(settings.test_user.username)  # Используем settings\n\ntests/dashboard/test_dashboard.py:30: \n_ _ _ _ _ _ _ _ _ _ _ _ _ _ _ _ _ _ _ _ _ _ _ _ _ _ _ _ _ _ _ _ _ _ _ _ _ _ _ _ \ncomponents/navigation/navbar_component.py:20: in check_visible\n    self.navbar_logo.check_visible()\n_ _ _ _ _ _ _ _ _ _ _ _ _ _ _ _ _ _ _ _ _ _ _ _ _ _ _ _ _ _ _ _ _ _ _ _ _ _ _ _ \n\nself = <elements.image.Image object at 0x7f9aa5e56550>, nth = 0, kwargs = {}\nstep = 'Checking that image \"Navbar logo\" is visible'\nlocator = <Locator frame=<Frame name= url='https://nikita-filonov.github.io/qa-automation-engineer-ui-course/#/dashboard'> selector='internal:testid=[data-testid=\"navbar-logo\"s] >> nth=0'>\n\n    def check_visible(self, nth: int = 0, **kwargs):\n        \"\"\"Проверяет видимость элемента на странице.\"\"\"\n        step = f'Checking that {self.type_of} \"{self.name}\" is visible'\n    \n        with allure.step(step):\n            locator = self.get_locator(nth, **kwargs)\n            logger.info(step)  # Добавили логирование\n>           expect(locator).to_be_visible()\nE           AssertionError: Locator expected to be visible\nE           Actual value: <element(s) not found> \nE           Call log:\nE             - Expect \"to_be_visible\" with timeout 5000ms\nE             - waiting for get_by_test_id(\"navbar-logo\").first\n\nelements/base_element.py:44: AssertionError","steps":[{"name":"Opening the url \"AppRoute.DASHBOARD\"","time":{"start":1755029069276,"stop":1755029070191,"duration":915},"status":"passed","steps":[],"attachments":[],"parameters":[],"shouldDisplayMessage":false,"stepsCount":0,"attachmentsCount":0,"hasContent":false},{"name":"Check visible navbar with username \"'username'\"","time":{"start":1755029070192,"stop":1755029075205,"duration":5013},"status":"failed","statusMessage":"AssertionError: Locator expected to be visible\nActual value: <element(s) not found> \nCall log:\n  - Expect \"to_be_visible\" with timeout 5000ms\n  - waiting for get_by_test_id(\"navbar-logo\").first\n\n","statusTrace":"  File \"/opt/hostedtoolcache/Python/3.11.13/x64/lib/python3.11/site-packages/allure_commons/_allure.py\", line 192, in impl\n    return func(*a, **kw)\n           ^^^^^^^^^^^^^^\n  File \"/home/runner/work/autotests-ui/autotests-ui/components/navigation/navbar_component.py\", line 20, in check_visible\n    self.navbar_logo.check_visible()\n  File \"/home/runner/work/autotests-ui/autotests-ui/elements/base_element.py\", line 44, in check_visible\n    expect(locator).to_be_visible()\n  File \"/opt/hostedtoolcache/Python/3.11.13/x64/lib/python3.11/site-packages/playwright/sync_api/_generated.py\", line 20382, in to_be_visible\n    self._sync(self._impl_obj.to_be_visible(visible=visible, timeout=timeout))\n  File \"/opt/hostedtoolcache/Python/3.11.13/x64/lib/python3.11/site-packages/playwright/_impl/_sync_base.py\", line 115, in _sync\n    return task.result()\n           ^^^^^^^^^^^^^\n  File \"/opt/hostedtoolcache/Python/3.11.13/x64/lib/python3.11/site-packages/playwright/_impl/_assertions.py\", line 741, in to_be_visible\n    await self._expect_impl(\n  File \"/opt/hostedtoolcache/Python/3.11.13/x64/lib/python3.11/site-packages/playwright/_impl/_assertions.py\", line 75, in _expect_impl\n    raise AssertionError(\n","steps":[{"name":"Checking that image \"Navbar logo\" is visible","time":{"start":1755029070192,"stop":1755029075204,"duration":5012},"status":"failed","statusMessage":"AssertionError: Locator expected to be visible\nActual value: <element(s) not found> \nCall log:\n  - Expect \"to_be_visible\" with timeout 5000ms\n  - waiting for get_by_test_id(\"navbar-logo\").first\n\n","statusTrace":"  File \"/home/runner/work/autotests-ui/autotests-ui/elements/base_element.py\", line 44, in check_visible\n    expect(locator).to_be_visible()\n  File \"/opt/hostedtoolcache/Python/3.11.13/x64/lib/python3.11/site-packages/playwright/sync_api/_generated.py\", line 20382, in to_be_visible\n    self._sync(self._impl_obj.to_be_visible(visible=visible, timeout=timeout))\n  File \"/opt/hostedtoolcache/Python/3.11.13/x64/lib/python3.11/site-packages/playwright/_impl/_sync_base.py\", line 115, in _sync\n    return task.result()\n           ^^^^^^^^^^^^^\n  File \"/opt/hostedtoolcache/Python/3.11.13/x64/lib/python3.11/site-packages/playwright/_impl/_assertions.py\", line 741, in to_be_visible\n    await self._expect_impl(\n  File \"/opt/hostedtoolcache/Python/3.11.13/x64/lib/python3.11/site-packages/playwright/_impl/_assertions.py\", line 75, in _expect_impl\n    raise AssertionError(\n","steps":[{"name":"Getting locator with \"data-testid=navbar-logo\" at index \"0\"","time":{"start":1755029070192,"stop":1755029070192,"duration":0},"status":"passed","steps":[],"attachments":[],"parameters":[],"shouldDisplayMessage":false,"stepsCount":0,"attachmentsCount":0,"hasContent":false}],"attachments":[],"parameters":[],"shouldDisplayMessage":true,"stepsCount":1,"attachmentsCount":0,"hasContent":true}],"attachments":[],"parameters":[{"name":"username","value":"'username'"}],"shouldDisplayMessage":false,"stepsCount":2,"attachmentsCount":0,"hasContent":true}],"attachments":[{"uid":"7df3f5a280274788","name":"log","source":"7df3f5a280274788.txt","type":"text/plain","size":258}],"parameters":[],"shouldDisplayMessage":true,"stepsCount":4,"attachmentsCount":1,"hasContent":true},"afterStages":[{"name":"chromium_page_with_state::0","time":{"start":1755029075209,"stop":1755029075315,"duration":106},"status":"passed","steps":[],"attachments":[{"uid":"4df555420741ecf6","name":"trace","source":"4df555420741ecf6.zip","type":"application/zip","size":511317},{"uid":"59c76f6fcfb0d59b","name":"video","source":"59c76f6fcfb0d59b.webm","type":"video/webm","size":46766}],"parameters":[],"shouldDisplayMessage":false,"stepsCount":0,"attachmentsCount":2,"hasContent":true},{"name":"playwright::0","time":{"start":1755029076137,"stop":1755029076145,"duration":8},"status":"passed","steps":[],"attachments":[],"parameters":[],"shouldDisplayMessage":false,"stepsCount":0,"attachmentsCount":0,"hasContent":false},{"name":"save_allure_environment_file::0","time":{"start":1755029076145,"stop":1755029076146,"duration":1},"status":"passed","steps":[],"attachments":[],"parameters":[],"shouldDisplayMessage":false,"stepsCount":0,"attachmentsCount":0,"hasContent":false}],"labels":[{"name":"story","value":"Dashboard"},{"name":"feature","value":"Dashboard"},{"name":"severity","value":"normal"},{"name":"epic","value":"LMS system"},{"name":"subSuite","value":"Dashboard"},{"name":"suite","value":"Dashboard"},{"name":"parentSuite","value":"LMS system"},{"name":"tag","value":"DASHBOARD"},{"name":"tag","value":"REGRESSION"},{"name":"tag","value":"regression"},{"name":"tag","value":"dashboard"},{"name":"host","value":"pkrvmsl9tci6h6u"},{"name":"thread","value":"5952-MainThread"},{"name":"framework","value":"pytest"},{"name":"language","value":"cpython3"},{"name":"package","value":"tests.dashboard.test_dashboard"},{"name":"resultFormat","value":"allure2"}],"parameters":[{"name":"chromium_page_with_state","value":"'Browser.WEBKIT'"}],"links":[],"hidden":false,"retry":false,"extra":{"severity":"normal","retries":[{"uid":"9f08e3e4c529709f","status":"failed","statusDetails":"AssertionError: Locator expected to be visible\nActual value: <element(s) not found> \nCall log:\n  - Expect \"to_be_visible\" with timeout 5000ms\n  - waiting for get_by_test_id(\"navbar-logo\").first","time":{"start":1755001868460,"stop":1755001874598,"duration":6138}}],"categories":[{"name":"Product defects","matchedStatuses":[],"flaky":false}],"history":{"statistic":{"failed":3,"broken":1,"skipped":0,"passed":0,"unknown":0,"total":4},"items":[{"uid":"5881590c13dbee55","reportUrl":"https://DaShamin666.github.io/autotests-ui/3//#testresult/5881590c13dbee55","status":"failed","statusDetails":"AssertionError: Locator expected to be visible\nActual value: <element(s) not found> \nCall log:\n  - Expect \"to_be_visible\" with timeout 5000ms\n  - waiting for get_by_test_id(\"navbar-logo\").first","time":{"start":1755028417489,"stop":1755028423499,"duration":6010}},{"uid":"7d7f44b0edd1be55","reportUrl":"https://DaShamin666.github.io/autotests-ui/2//#testresult/7d7f44b0edd1be55","status":"broken","statusDetails":"playwright._impl._errors.TargetClosedError: BrowserType.launch: Target page, context or browser has been closed\nBrowser logs:\n\n╔════════════════════════════════════════════════════════════════════════════════════════════════╗\n║ Looks like you launched a headed browser without having a XServer running.                     ║\n║ Set either 'headless: true' or use 'xvfb-run <your-playwright-app>' before running Playwright. ║\n║                                                                                                ║\n║ <3 Playwright Team                                                                             ║\n╚════════════════════════════════════════════════════════════════════════════════════════════════╝\nCall log:\n  - <launching> /home/runner/.cache/ms-playwright/chromium-1179/chrome-linux/chrome --disable-field-trial-config --disable-background-networking --disable-background-timer-throttling --disable-backgrounding-occluded-windows --disable-back-forward-cache --disable-breakpad --disable-client-side-phishing-detection --disable-component-extensions-with-background-pages --disable-component-update --no-default-browser-check --disable-default-apps --disable-dev-shm-usage --disable-extensions --disable-features=AcceptCHFrame,AutoExpandDetailsElement,AvoidUnnecessaryBeforeUnloadCheckSync,CertificateTransparencyComponentUpdater,DestroyProfileOnBrowserClose,DialMediaRouteProvider,ExtensionManifestV2Disabled,GlobalMediaControls,HttpsUpgrades,ImprovedCookieControls,LazyFrameLoading,LensOverlay,MediaRouter,PaintHolding,ThirdPartyStoragePartitioning,Translate --allow-pre-commit-input --disable-hang-monitor --disable-ipc-flooding-protection --disable-popup-blocking --disable-prompt-on-repost --disable-renderer-backgrounding --force-color-profile=srgb --metrics-recording-only --no-first-run --password-store=basic --use-mock-keychain --no-service-autorun --export-tagged-pdf --disable-search-engine-choice-screen --unsafely-disable-devtools-self-xss-warnings --enable-automation --no-sandbox --user-data-dir=/tmp/playwright_chromiumdev_profile-NzO4iq --remote-debugging-pipe --no-startup-window\n  - <launched> pid=6441\n  - [pid=6441][err] [6441:6441:0812/194115.070534:ERROR:ui/ozone/platform/x11/ozone_platform_x11.cc:249] Missing X server or $DISPLAY\n  - [pid=6441][err] [6441:6441:0812/194115.070569:ERROR:ui/aura/env.cc:257] The platform failed to initialize.  Exiting.","time":{"start":1755027675622,"stop":1755027675622,"duration":0}},{"uid":"d76652844c4bcfbd","reportUrl":"https://DaShamin666.github.io/autotests-ui/1//#testresult/d76652844c4bcfbd","status":"failed","statusDetails":"AssertionError: Locator expected to be visible\nActual value: <element(s) not found> \nCall log:\n  - Expect \"to_be_visible\" with timeout 5000ms\n  - waiting for get_by_test_id(\"navbar-logo\").first","time":{"start":1755001868460,"stop":1755001874598,"duration":6138}}]},"tags":["REGRESSION","DASHBOARD","regression","dashboard"]},"source":"3f05ba87d553fc9f.json","parameterValues":["'Browser.WEBKIT'"]}