{"uid":"8436e6f8f712a98d","name":"Check displaying of empty courses list","fullName":"tests.courses.test_courses.TestCourses#test_empty_courses_list","historyId":"52819afde9c88e9964383828876debff","time":{"start":1755001719665,"stop":1755001726110,"duration":6445},"description":"\n        Тест для проверки пустого списка курсов.\n        Использует фикстуру courses_list_page_with_state для работы с авторизованной сессией.\n        ","descriptionHtml":"<pre><code>    Тест для проверки пустого списка курсов.\n    Использует фикстуру courses_list_page_with_state для работы с авторизованной сессией.\n</code></pre>\n","status":"failed","statusMessage":"AssertionError: Locator expected to be visible\nActual value: <element(s) not found> \nCall log:\n  - Expect \"to_be_visible\" with timeout 5000ms\n  - waiting for get_by_test_id(\"navbar-logo\").first","statusTrace":"self = <test_courses.TestCourses object at 0x10594a450>\ncourses_list_page_with_state = <pages.courses.courses_list_page.CoursesListPage object at 0x1069e8c20>\n\n    @allure.title(\"Check displaying of empty courses list\")\n    @allure.severity(Severity.NORMAL)\n    def test_empty_courses_list(self, courses_list_page_with_state: CoursesListPage):\n        \"\"\"\n        Тест для проверки пустого списка курсов.\n        Использует фикстуру courses_list_page_with_state для работы с авторизованной сессией.\n        \"\"\"\n        # Переход на страницу курсов\n        courses_list_page_with_state.visit(AppRoute.COURSES)  # Используем AppRoute\n    \n        # Проверка компонентов навигации\n>       courses_list_page_with_state.navbar.check_visible(settings.test_user.username)  # Используем settings\n\ntests/courses/test_courses.py:36: \n_ _ _ _ _ _ _ _ _ _ _ _ _ _ _ _ _ _ _ _ _ _ _ _ _ _ _ _ _ _ _ _ _ _ _ _ _ _ _ _ _ _ _ _ _ _ _ _ _ _ _ _ _ _ \ncomponents/navigation/navbar_component.py:20: in check_visible\n    self.navbar_logo.check_visible()\n_ _ _ _ _ _ _ _ _ _ _ _ _ _ _ _ _ _ _ _ _ _ _ _ _ _ _ _ _ _ _ _ _ _ _ _ _ _ _ _ _ _ _ _ _ _ _ _ _ _ _ _ _ _ \n\nself = <elements.image.Image object at 0x1069eb1d0>, nth = 0, kwargs = {}\nlocator = <Locator frame=<Frame name= url='https://nikita-filonov.github.io/qa-automation-engineer-ui-course/#/auth/login'> selector='internal:testid=[data-testid=\"navbar-logo\"s] >> nth=0'>\n\n    def check_visible(self, nth: int = 0, **kwargs):\n        \"\"\"Проверяет видимость элемента на странице.\"\"\"\n        with allure.step(f'Checking that {self.type_of} \"{self.name}\" is visible'):  # Добавили шаг\n            locator = self.get_locator(nth, **kwargs)\n>           expect(locator).to_be_visible()\nE           AssertionError: Locator expected to be visible\nE           Actual value: <element(s) not found> \nE           Call log:\nE             - Expect \"to_be_visible\" with timeout 5000ms\nE             - waiting for get_by_test_id(\"navbar-logo\").first\n\nelements/base_element.py:31: AssertionError","flaky":false,"newFailed":false,"newBroken":false,"newPassed":false,"retriesCount":0,"retriesStatusChange":false,"beforeStages":[{"name":"_session_faker","time":{"start":1755001657507,"stop":1755001657525,"duration":18},"status":"passed","steps":[],"attachments":[],"parameters":[],"shouldDisplayMessage":false,"stepsCount":0,"attachmentsCount":0,"hasContent":false},{"name":"pytestconfig","time":{"start":1755001657526,"stop":1755001657526,"duration":0},"status":"passed","steps":[],"attachments":[],"parameters":[],"shouldDisplayMessage":false,"stepsCount":0,"attachmentsCount":0,"hasContent":false},{"name":"delete_output_dir","time":{"start":1755001657526,"stop":1755001657526,"duration":0},"status":"passed","steps":[],"attachments":[],"parameters":[],"shouldDisplayMessage":false,"stepsCount":0,"attachmentsCount":0,"hasContent":false},{"name":"playwright","time":{"start":1755001657526,"stop":1755001657813,"duration":287},"status":"passed","steps":[],"attachments":[],"parameters":[],"shouldDisplayMessage":false,"stepsCount":0,"attachmentsCount":0,"hasContent":false},{"name":"base_url","time":{"start":1755001657526,"stop":1755001657526,"duration":0},"status":"passed","steps":[],"attachments":[],"parameters":[],"shouldDisplayMessage":false,"stepsCount":0,"attachmentsCount":0,"hasContent":false},{"name":"_verify_url","time":{"start":1755001657526,"stop":1755001657526,"duration":0},"status":"passed","steps":[],"attachments":[],"parameters":[],"shouldDisplayMessage":false,"stepsCount":0,"attachmentsCount":0,"hasContent":false},{"name":"initialize_browser_state","time":{"start":1755001717757,"stop":1755001719461,"duration":1704},"status":"passed","steps":[{"name":"Opening the url \"AppRoute.REGISTRATION\"","time":{"start":1755001717903,"stop":1755001719280,"duration":1377},"status":"passed","steps":[],"attachments":[],"parameters":[],"shouldDisplayMessage":false,"stepsCount":0,"attachmentsCount":0,"hasContent":false},{"name":"Fill registration form","time":{"start":1755001719281,"stop":1755001719386,"duration":105},"status":"passed","steps":[{"name":"Fill input \"Email\" to value \"user.name@gmail.com\"","time":{"start":1755001719281,"stop":1755001719326,"duration":45},"status":"passed","steps":[{"name":"Getting locator with \"data-testid=registration-form-email-input\" at index \"0\"","time":{"start":1755001719281,"stop":1755001719281,"duration":0},"status":"passed","steps":[],"attachments":[],"parameters":[],"shouldDisplayMessage":false,"stepsCount":0,"attachmentsCount":0,"hasContent":false}],"attachments":[],"parameters":[],"shouldDisplayMessage":false,"stepsCount":1,"attachmentsCount":0,"hasContent":true},{"name":"Checking that input \"Email\" has a value \"user.name@gmail.com\"","time":{"start":1755001719326,"stop":1755001719330,"duration":4},"status":"passed","steps":[{"name":"Getting locator with \"data-testid=registration-form-email-input\" at index \"0\"","time":{"start":1755001719326,"stop":1755001719326,"duration":0},"status":"passed","steps":[],"attachments":[],"parameters":[],"shouldDisplayMessage":false,"stepsCount":0,"attachmentsCount":0,"hasContent":false}],"attachments":[],"parameters":[],"shouldDisplayMessage":false,"stepsCount":1,"attachmentsCount":0,"hasContent":true},{"name":"Fill input \"Username\" to value \"username\"","time":{"start":1755001719330,"stop":1755001719343,"duration":13},"status":"passed","steps":[{"name":"Getting locator with \"data-testid=registration-form-username-input\" at index \"0\"","time":{"start":1755001719330,"stop":1755001719330,"duration":0},"status":"passed","steps":[],"attachments":[],"parameters":[],"shouldDisplayMessage":false,"stepsCount":0,"attachmentsCount":0,"hasContent":false}],"attachments":[],"parameters":[],"shouldDisplayMessage":false,"stepsCount":1,"attachmentsCount":0,"hasContent":true},{"name":"Checking that input \"Username\" has a value \"username\"","time":{"start":1755001719343,"stop":1755001719346,"duration":3},"status":"passed","steps":[{"name":"Getting locator with \"data-testid=registration-form-username-input\" at index \"0\"","time":{"start":1755001719343,"stop":1755001719343,"duration":0},"status":"passed","steps":[],"attachments":[],"parameters":[],"shouldDisplayMessage":false,"stepsCount":0,"attachmentsCount":0,"hasContent":false}],"attachments":[],"parameters":[],"shouldDisplayMessage":false,"stepsCount":1,"attachmentsCount":0,"hasContent":true},{"name":"Fill input \"Password\" to value \"password\"","time":{"start":1755001719346,"stop":1755001719382,"duration":36},"status":"passed","steps":[{"name":"Getting locator with \"data-testid=registration-form-password-input\" at index \"0\"","time":{"start":1755001719346,"stop":1755001719346,"duration":0},"status":"passed","steps":[],"attachments":[],"parameters":[],"shouldDisplayMessage":false,"stepsCount":0,"attachmentsCount":0,"hasContent":false}],"attachments":[],"parameters":[],"shouldDisplayMessage":false,"stepsCount":1,"attachmentsCount":0,"hasContent":true},{"name":"Checking that input \"Password\" has a value \"password\"","time":{"start":1755001719382,"stop":1755001719386,"duration":4},"status":"passed","steps":[{"name":"Getting locator with \"data-testid=registration-form-password-input\" at index \"0\"","time":{"start":1755001719382,"stop":1755001719382,"duration":0},"status":"passed","steps":[],"attachments":[],"parameters":[],"shouldDisplayMessage":false,"stepsCount":0,"attachmentsCount":0,"hasContent":false}],"attachments":[],"parameters":[],"shouldDisplayMessage":false,"stepsCount":1,"attachmentsCount":0,"hasContent":true}],"attachments":[],"parameters":[{"name":"email","value":"'user.name@gmail.com'"},{"name":"username","value":"'username'"},{"name":"password","value":"'password'"}],"shouldDisplayMessage":false,"stepsCount":12,"attachmentsCount":0,"hasContent":true},{"name":"Clicking button \"Registration\"","time":{"start":1755001719386,"stop":1755001719430,"duration":44},"status":"passed","steps":[{"name":"Getting locator with \"data-testid=registration-page-registration-button\" at index \"0\"","time":{"start":1755001719386,"stop":1755001719386,"duration":0},"status":"passed","steps":[],"attachments":[],"parameters":[],"shouldDisplayMessage":false,"stepsCount":0,"attachmentsCount":0,"hasContent":false}],"attachments":[],"parameters":[],"shouldDisplayMessage":false,"stepsCount":1,"attachmentsCount":0,"hasContent":true}],"attachments":[],"parameters":[],"shouldDisplayMessage":false,"stepsCount":16,"attachmentsCount":0,"hasContent":true},{"name":"chromium_page_with_state","time":{"start":1755001719461,"stop":1755001719665,"duration":204},"status":"passed","steps":[],"attachments":[],"parameters":[],"shouldDisplayMessage":false,"stepsCount":0,"attachmentsCount":0,"hasContent":false},{"name":"courses_list_page_with_state","time":{"start":1755001719665,"stop":1755001719665,"duration":0},"status":"passed","steps":[],"attachments":[],"parameters":[],"shouldDisplayMessage":false,"stepsCount":0,"attachmentsCount":0,"hasContent":false}],"testStage":{"description":"\n        Тест для проверки пустого списка курсов.\n        Использует фикстуру courses_list_page_with_state для работы с авторизованной сессией.\n        ","status":"failed","statusMessage":"AssertionError: Locator expected to be visible\nActual value: <element(s) not found> \nCall log:\n  - Expect \"to_be_visible\" with timeout 5000ms\n  - waiting for get_by_test_id(\"navbar-logo\").first","statusTrace":"self = <test_courses.TestCourses object at 0x10594a450>\ncourses_list_page_with_state = <pages.courses.courses_list_page.CoursesListPage object at 0x1069e8c20>\n\n    @allure.title(\"Check displaying of empty courses list\")\n    @allure.severity(Severity.NORMAL)\n    def test_empty_courses_list(self, courses_list_page_with_state: CoursesListPage):\n        \"\"\"\n        Тест для проверки пустого списка курсов.\n        Использует фикстуру courses_list_page_with_state для работы с авторизованной сессией.\n        \"\"\"\n        # Переход на страницу курсов\n        courses_list_page_with_state.visit(AppRoute.COURSES)  # Используем AppRoute\n    \n        # Проверка компонентов навигации\n>       courses_list_page_with_state.navbar.check_visible(settings.test_user.username)  # Используем settings\n\ntests/courses/test_courses.py:36: \n_ _ _ _ _ _ _ _ _ _ _ _ _ _ _ _ _ _ _ _ _ _ _ _ _ _ _ _ _ _ _ _ _ _ _ _ _ _ _ _ _ _ _ _ _ _ _ _ _ _ _ _ _ _ \ncomponents/navigation/navbar_component.py:20: in check_visible\n    self.navbar_logo.check_visible()\n_ _ _ _ _ _ _ _ _ _ _ _ _ _ _ _ _ _ _ _ _ _ _ _ _ _ _ _ _ _ _ _ _ _ _ _ _ _ _ _ _ _ _ _ _ _ _ _ _ _ _ _ _ _ \n\nself = <elements.image.Image object at 0x1069eb1d0>, nth = 0, kwargs = {}\nlocator = <Locator frame=<Frame name= url='https://nikita-filonov.github.io/qa-automation-engineer-ui-course/#/auth/login'> selector='internal:testid=[data-testid=\"navbar-logo\"s] >> nth=0'>\n\n    def check_visible(self, nth: int = 0, **kwargs):\n        \"\"\"Проверяет видимость элемента на странице.\"\"\"\n        with allure.step(f'Checking that {self.type_of} \"{self.name}\" is visible'):  # Добавили шаг\n            locator = self.get_locator(nth, **kwargs)\n>           expect(locator).to_be_visible()\nE           AssertionError: Locator expected to be visible\nE           Actual value: <element(s) not found> \nE           Call log:\nE             - Expect \"to_be_visible\" with timeout 5000ms\nE             - waiting for get_by_test_id(\"navbar-logo\").first\n\nelements/base_element.py:31: AssertionError","steps":[{"name":"Opening the url \"AppRoute.COURSES\"","time":{"start":1755001719665,"stop":1755001721098,"duration":1433},"status":"passed","steps":[],"attachments":[],"parameters":[],"shouldDisplayMessage":false,"stepsCount":0,"attachmentsCount":0,"hasContent":false},{"name":"Check visible navbar with username \"'username'\"","time":{"start":1755001721098,"stop":1755001726110,"duration":5012},"status":"failed","statusMessage":"AssertionError: Locator expected to be visible\nActual value: <element(s) not found> \nCall log:\n  - Expect \"to_be_visible\" with timeout 5000ms\n  - waiting for get_by_test_id(\"navbar-logo\").first\n\n","statusTrace":"  File \"/Library/Frameworks/Python.framework/Versions/3.12/lib/python3.12/site-packages/allure_commons/_allure.py\", line 192, in impl\n    return func(*a, **kw)\n           ^^^^^^^^^^^^^^\n  File \"/Users/a123/Desktop/autotests-ui/components/navigation/navbar_component.py\", line 20, in check_visible\n    self.navbar_logo.check_visible()\n  File \"/Users/a123/Desktop/autotests-ui/elements/base_element.py\", line 31, in check_visible\n    expect(locator).to_be_visible()\n  File \"/Users/a123/Library/Python/3.12/lib/python/site-packages/playwright/sync_api/_generated.py\", line 20382, in to_be_visible\n    self._sync(self._impl_obj.to_be_visible(visible=visible, timeout=timeout))\n  File \"/Users/a123/Library/Python/3.12/lib/python/site-packages/playwright/_impl/_sync_base.py\", line 115, in _sync\n    return task.result()\n           ^^^^^^^^^^^^^\n  File \"/Users/a123/Library/Python/3.12/lib/python/site-packages/playwright/_impl/_assertions.py\", line 741, in to_be_visible\n    await self._expect_impl(\n  File \"/Users/a123/Library/Python/3.12/lib/python/site-packages/playwright/_impl/_assertions.py\", line 75, in _expect_impl\n    raise AssertionError(\n","steps":[{"name":"Checking that image \"Navbar logo\" is visible","time":{"start":1755001721098,"stop":1755001726109,"duration":5011},"status":"failed","statusMessage":"AssertionError: Locator expected to be visible\nActual value: <element(s) not found> \nCall log:\n  - Expect \"to_be_visible\" with timeout 5000ms\n  - waiting for get_by_test_id(\"navbar-logo\").first\n\n","statusTrace":"  File \"/Users/a123/Desktop/autotests-ui/elements/base_element.py\", line 31, in check_visible\n    expect(locator).to_be_visible()\n  File \"/Users/a123/Library/Python/3.12/lib/python/site-packages/playwright/sync_api/_generated.py\", line 20382, in to_be_visible\n    self._sync(self._impl_obj.to_be_visible(visible=visible, timeout=timeout))\n  File \"/Users/a123/Library/Python/3.12/lib/python/site-packages/playwright/_impl/_sync_base.py\", line 115, in _sync\n    return task.result()\n           ^^^^^^^^^^^^^\n  File \"/Users/a123/Library/Python/3.12/lib/python/site-packages/playwright/_impl/_assertions.py\", line 741, in to_be_visible\n    await self._expect_impl(\n  File \"/Users/a123/Library/Python/3.12/lib/python/site-packages/playwright/_impl/_assertions.py\", line 75, in _expect_impl\n    raise AssertionError(\n","steps":[{"name":"Getting locator with \"data-testid=navbar-logo\" at index \"0\"","time":{"start":1755001721098,"stop":1755001721099,"duration":1},"status":"passed","steps":[],"attachments":[],"parameters":[],"shouldDisplayMessage":false,"stepsCount":0,"attachmentsCount":0,"hasContent":false}],"attachments":[],"parameters":[],"shouldDisplayMessage":true,"stepsCount":1,"attachmentsCount":0,"hasContent":true}],"attachments":[],"parameters":[{"name":"username","value":"'username'"}],"shouldDisplayMessage":false,"stepsCount":2,"attachmentsCount":0,"hasContent":true}],"attachments":[],"parameters":[],"shouldDisplayMessage":true,"stepsCount":4,"attachmentsCount":0,"hasContent":true},"afterStages":[{"name":"chromium_page_with_state::0","time":{"start":1755001726116,"stop":1755001726170,"duration":54},"status":"passed","steps":[],"attachments":[{"uid":"978ee612b3dd64b7","name":"trace","source":"978ee612b3dd64b7.zip","type":"application/zip","size":149642},{"uid":"ad0fc61af447ce48","name":"video","source":"ad0fc61af447ce48.webm","type":"video/webm","size":0}],"parameters":[],"shouldDisplayMessage":false,"stepsCount":0,"attachmentsCount":2,"hasContent":true},{"name":"playwright::0","time":{"start":1755001882903,"stop":1755001882910,"duration":7},"status":"passed","steps":[],"attachments":[],"parameters":[],"shouldDisplayMessage":false,"stepsCount":0,"attachmentsCount":0,"hasContent":false}],"labels":[{"name":"epic","value":"LMS system"},{"name":"tag","value":"REGRESSION"},{"name":"feature","value":"Courses"},{"name":"subSuite","value":"Courses"},{"name":"suite","value":"Courses"},{"name":"tag","value":"COURSES"},{"name":"severity","value":"normal"},{"name":"parentSuite","value":"LMS system"},{"name":"story","value":"Courses"},{"name":"tag","value":"regression"},{"name":"tag","value":"courses"},{"name":"host","value":"MacBook-Pro-0000.local"},{"name":"thread","value":"61074-MainThread"},{"name":"framework","value":"pytest"},{"name":"language","value":"cpython3"},{"name":"package","value":"tests.courses.test_courses"},{"name":"resultFormat","value":"allure2"}],"parameters":[{"name":"chromium_page_with_state","value":"'Browser.CHROMIUM'"}],"links":[],"hidden":false,"retry":false,"extra":{"severity":"normal","retries":[],"categories":[{"name":"Product defects","matchedStatuses":[],"flaky":false}],"history":{"statistic":{"failed":8,"broken":1,"skipped":0,"passed":0,"unknown":0,"total":9},"items":[{"uid":"43c1833e5a049def","reportUrl":"https://DaShamin666.github.io/autotests-ui/8//#testresult/43c1833e5a049def","status":"failed","statusDetails":"AssertionError: Locator expected to be visible\nActual value: <element(s) not found> \nCall log:\n  - Expect \"to_be_visible\" with timeout 5000ms\n  - waiting for get_by_test_id(\"navbar-logo\").first","time":{"start":1755001719665,"stop":1755001726110,"duration":6445}},{"uid":"fed9af3ad56cbf09","reportUrl":"https://DaShamin666.github.io/autotests-ui/7//#testresult/fed9af3ad56cbf09","status":"failed","statusDetails":"AssertionError: Locator expected to be visible\nActual value: <element(s) not found> \nCall log:\n  - Expect \"to_be_visible\" with timeout 5000ms\n  - waiting for get_by_test_id(\"navbar-logo\").first","time":{"start":1755001719665,"stop":1755001726110,"duration":6445}},{"uid":"c225dc5fb27b9127","reportUrl":"https://DaShamin666.github.io/autotests-ui/6//#testresult/c225dc5fb27b9127","status":"failed","statusDetails":"AssertionError: Locator expected to be visible\nActual value: <element(s) not found> \nCall log:\n  - Expect \"to_be_visible\" with timeout 5000ms\n  - waiting for get_by_test_id(\"navbar-logo\").first","time":{"start":1755089842826,"stop":1755089848931,"duration":6105}},{"uid":"89ff80b28b678d11","reportUrl":"https://DaShamin666.github.io/autotests-ui/5//#testresult/89ff80b28b678d11","status":"failed","statusDetails":"AssertionError: Locator expected to be visible\nActual value: <element(s) not found> \nCall log:\n  - Expect \"to_be_visible\" with timeout 5000ms\n  - waiting for get_by_test_id(\"navbar-logo\").first","time":{"start":1755001719665,"stop":1755001726110,"duration":6445}},{"uid":"1401ba8032be23b5","reportUrl":"https://DaShamin666.github.io/autotests-ui/4//#testresult/1401ba8032be23b5","status":"failed","statusDetails":"AssertionError: Locator expected to be visible\nActual value: <element(s) not found> \nCall log:\n  - Expect \"to_be_visible\" with timeout 5000ms\n  - waiting for get_by_test_id(\"navbar-logo\").first","time":{"start":1755029022944,"stop":1755029029132,"duration":6188}},{"uid":"414fab4c383f667c","reportUrl":"https://DaShamin666.github.io/autotests-ui/3//#testresult/414fab4c383f667c","status":"failed","statusDetails":"AssertionError: Locator expected to be visible\nActual value: <element(s) not found> \nCall log:\n  - Expect \"to_be_visible\" with timeout 5000ms\n  - waiting for get_by_test_id(\"navbar-logo\").first","time":{"start":1755028367785,"stop":1755028373884,"duration":6099}},{"uid":"406d6630b60ad3cd","reportUrl":"https://DaShamin666.github.io/autotests-ui/2//#testresult/406d6630b60ad3cd","status":"broken","statusDetails":"playwright._impl._errors.TargetClosedError: BrowserType.launch: Target page, context or browser has been closed\nBrowser logs:\n\n╔════════════════════════════════════════════════════════════════════════════════════════════════╗\n║ Looks like you launched a headed browser without having a XServer running.                     ║\n║ Set either 'headless: true' or use 'xvfb-run <your-playwright-app>' before running Playwright. ║\n║                                                                                                ║\n║ <3 Playwright Team                                                                             ║\n╚════════════════════════════════════════════════════════════════════════════════════════════════╝\nCall log:\n  - <launching> /home/runner/.cache/ms-playwright/chromium-1179/chrome-linux/chrome --disable-field-trial-config --disable-background-networking --disable-background-timer-throttling --disable-backgrounding-occluded-windows --disable-back-forward-cache --disable-breakpad --disable-client-side-phishing-detection --disable-component-extensions-with-background-pages --disable-component-update --no-default-browser-check --disable-default-apps --disable-dev-shm-usage --disable-extensions --disable-features=AcceptCHFrame,AutoExpandDetailsElement,AvoidUnnecessaryBeforeUnloadCheckSync,CertificateTransparencyComponentUpdater,DestroyProfileOnBrowserClose,DialMediaRouteProvider,ExtensionManifestV2Disabled,GlobalMediaControls,HttpsUpgrades,ImprovedCookieControls,LazyFrameLoading,LensOverlay,MediaRouter,PaintHolding,ThirdPartyStoragePartitioning,Translate --allow-pre-commit-input --disable-hang-monitor --disable-ipc-flooding-protection --disable-popup-blocking --disable-prompt-on-repost --disable-renderer-backgrounding --force-color-profile=srgb --metrics-recording-only --no-first-run --password-store=basic --use-mock-keychain --no-service-autorun --export-tagged-pdf --disable-search-engine-choice-screen --unsafely-disable-devtools-self-xss-warnings --enable-automation --no-sandbox --user-data-dir=/tmp/playwright_chromiumdev_profile-VTscGB --remote-debugging-pipe --no-startup-window\n  - <launched> pid=6432\n  - [pid=6432][err] [6432:6432:0812/194115.022750:ERROR:ui/ozone/platform/x11/ozone_platform_x11.cc:249] Missing X server or $DISPLAY\n  - [pid=6432][err] [6432:6432:0812/194115.022782:ERROR:ui/aura/env.cc:257] The platform failed to initialize.  Exiting.","time":{"start":1755027674960,"stop":1755027674960,"duration":0}},{"uid":"1fa68c849808d1bf","reportUrl":"https://DaShamin666.github.io/autotests-ui/1//#testresult/1fa68c849808d1bf","status":"failed","statusDetails":"AssertionError: Locator expected to be visible\nActual value: <element(s) not found> \nCall log:\n  - Expect \"to_be_visible\" with timeout 5000ms\n  - waiting for get_by_test_id(\"navbar-logo\").first","time":{"start":1755001719665,"stop":1755001726110,"duration":6445}}]},"tags":["REGRESSION","courses","regression","COURSES"]},"source":"8436e6f8f712a98d.json","parameterValues":["'Browser.CHROMIUM'"]}