{"name": "User login with correct email and password", "status": "failed", "statusDetails": {"message": "AssertionError: Locator expected to be visible\nActual value: <element(s) not found> \nCall log:\n  - Expect \"to_be_visible\" with timeout 5000ms\n  - waiting for get_by_test_id(\"navbar-logo\").first", "trace": "self = <test_authorization.TestAuthorization object at 0x105948d70>\nlogin_page = <pages.authentication.login_page.LoginPage object at 0x106973d10>\ndashboard_page = <pages.dashboard.dashboard_page.DashboardPage object at 0x105d849b0>\nregistration_page = <pages.authentication.registration_page.RegistrationPage object at 0x105d84680>\n\n    @allure.tag(AllureTag.USER_LOGIN)\n    @allure.title(\"User login with correct email and password\")\n    @allure.severity(Severity.BLOCKER)\n    def test_successful_authorization(\n            self,\n            login_page: LoginPage,\n            dashboard_page: DashboardPage,\n            registration_page: RegistrationPage\n    ):\n        \"\"\"\n        E2E тест успешной авторизации:\n        1. Регистрация нового пользователя\n        2. Проверка Dashboard и выход из системы\n        3. Авторизация с теми же данными\n        4. Проверка повторного входа на Dashboard\n        \"\"\"\n        # 1. Регистрация нового пользователя\n        registration_page.visit(AppRoute.REGISTRATION)  # Используем AppRoute\n        registration_page.registration_form.fill(\n            email=settings.test_user.email,      # Используем settings\n            username=settings.test_user.username, # Используем settings\n            password=settings.test_user.password  # Используем settings\n        )\n        registration_page.click_registration_button()\n    \n        # 2. Проверяем, что открылась страница Dashboard и нажимаем кнопку \"Logout\"\n        dashboard_page.check_visible_dashboard_title()\n>       dashboard_page.navbar.check_visible(settings.test_user.username)  # Используем settings\n\ntests/authentication/test_authorization.py:75: \n_ _ _ _ _ _ _ _ _ _ _ _ _ _ _ _ _ _ _ _ _ _ _ _ _ _ _ _ _ _ _ _ _ _ _ _ _ _ _ _ _ _ _ _ _ _ _ _ _ _ _ _ _ _ \ncomponents/navigation/navbar_component.py:20: in check_visible\n    self.navbar_logo.check_visible()\n_ _ _ _ _ _ _ _ _ _ _ _ _ _ _ _ _ _ _ _ _ _ _ _ _ _ _ _ _ _ _ _ _ _ _ _ _ _ _ _ _ _ _ _ _ _ _ _ _ _ _ _ _ _ \n\nself = <elements.image.Image object at 0x105d84c50>, nth = 0, kwargs = {}\nlocator = <Locator frame=<Frame name= url='https://nikita-filonov.github.io/qa-automation-engineer-ui-course/#/dashboard'> selector='internal:testid=[data-testid=\"navbar-logo\"s] >> nth=0'>\n\n    def check_visible(self, nth: int = 0, **kwargs):\n        \"\"\"Проверяет видимость элемента на странице.\"\"\"\n        with allure.step(f'Checking that {self.type_of} \"{self.name}\" is visible'):  # Добавили шаг\n            locator = self.get_locator(nth, **kwargs)\n>           expect(locator).to_be_visible()\nE           AssertionError: Locator expected to be visible\nE           Actual value: <element(s) not found> \nE           Call log:\nE             - Expect \"to_be_visible\" with timeout 5000ms\nE             - waiting for get_by_test_id(\"navbar-logo\").first\n\nelements/base_element.py:31: AssertionError"}, "description": "\n        E2E тест успешной авторизации:\n        1. Регистрация нового пользователя\n        2. Проверка Dashboard и выход из системы\n        3. Авторизация с теми же данными\n        4. Проверка повторного входа на Dashboard\n        ", "steps": [{"name": "Opening the url \"AppRoute.REGISTRATION\"", "status": "passed", "start": 1755001695046, "stop": 1755001696939}, {"name": "Fill registration form", "status": "passed", "steps": [{"name": "Fill input \"Email\" to value \"user.name@gmail.com\"", "status": "passed", "steps": [{"name": "Getting locator with \"data-testid=registration-form-email-input\" at index \"0\"", "status": "passed", "start": 1755001696939, "stop": 1755001696939}], "start": 1755001696939, "stop": 1755001696986}, {"name": "Checking that input \"Email\" has a value \"user.name@gmail.com\"", "status": "passed", "steps": [{"name": "Getting locator with \"data-testid=registration-form-email-input\" at index \"0\"", "status": "passed", "start": 1755001696986, "stop": 1755001696986}], "start": 1755001696986, "stop": 1755001696991}, {"name": "Fill input \"Username\" to value \"username\"", "status": "passed", "steps": [{"name": "Getting locator with \"data-testid=registration-form-username-input\" at index \"0\"", "status": "passed", "start": 1755001696991, "stop": 1755001696991}], "start": 1755001696991, "stop": 1755001697002}, {"name": "Checking that input \"Username\" has a value \"username\"", "status": "passed", "steps": [{"name": "Getting locator with \"data-testid=registration-form-username-input\" at index \"0\"", "status": "passed", "start": 1755001697002, "stop": 1755001697002}], "start": 1755001697002, "stop": 1755001697006}, {"name": "Fill input \"Password\" to value \"password\"", "status": "passed", "steps": [{"name": "Getting locator with \"data-testid=registration-form-password-input\" at index \"0\"", "status": "passed", "start": 1755001697006, "stop": 1755001697006}], "start": 1755001697006, "stop": 1755001697016}, {"name": "Checking that input \"Password\" has a value \"password\"", "status": "passed", "steps": [{"name": "Getting locator with \"data-testid=registration-form-password-input\" at index \"0\"", "status": "passed", "start": 1755001697016, "stop": 1755001697016}], "start": 1755001697016, "stop": 1755001697019}], "parameters": [{"name": "email", "value": "'user.name@gmail.com'"}, {"name": "username", "value": "'username'"}, {"name": "password", "value": "'password'"}], "start": 1755001696939, "stop": 1755001697019}, {"name": "Clicking button \"Registration\"", "status": "passed", "steps": [{"name": "Getting locator with \"data-testid=registration-page-registration-button\" at index \"0\"", "status": "passed", "start": 1755001697019, "stop": 1755001697019}], "start": 1755001697019, "stop": 1755001697056}, {"name": "Check visible dashboard toolbar", "status": "passed", "steps": [{"name": "Checking that text \"Dashboard title\" is visible", "status": "passed", "steps": [{"name": "Getting locator with \"data-testid=dashboard-toolbar-title-text\" at index \"0\"", "status": "passed", "start": 1755001697056, "stop": 1755001697056}], "start": 1755001697056, "stop": 1755001697179}, {"name": "Checking that text \"Dashboard title\" has text \"Dashboard\"", "status": "passed", "steps": [{"name": "Getting locator with \"data-testid=dashboard-toolbar-title-text\" at index \"0\"", "status": "passed", "start": 1755001697179, "stop": 1755001697179}], "start": 1755001697179, "stop": 1755001697184}], "start": 1755001697056, "stop": 1755001697184}, {"name": "Check visible navbar with username \"'username'\"", "status": "failed", "statusDetails": {"message": "AssertionError: Locator expected to be visible\nActual value: <element(s) not found> \nCall log:\n  - Expect \"to_be_visible\" with timeout 5000ms\n  - waiting for get_by_test_id(\"navbar-logo\").first\n\n", "trace": "  File \"/Library/Frameworks/Python.framework/Versions/3.12/lib/python3.12/site-packages/allure_commons/_allure.py\", line 192, in impl\n    return func(*a, **kw)\n           ^^^^^^^^^^^^^^\n  File \"/Users/a123/Desktop/autotests-ui/components/navigation/navbar_component.py\", line 20, in check_visible\n    self.navbar_logo.check_visible()\n  File \"/Users/a123/Desktop/autotests-ui/elements/base_element.py\", line 31, in check_visible\n    expect(locator).to_be_visible()\n  File \"/Users/a123/Library/Python/3.12/lib/python/site-packages/playwright/sync_api/_generated.py\", line 20382, in to_be_visible\n    self._sync(self._impl_obj.to_be_visible(visible=visible, timeout=timeout))\n  File \"/Users/a123/Library/Python/3.12/lib/python/site-packages/playwright/_impl/_sync_base.py\", line 115, in _sync\n    return task.result()\n           ^^^^^^^^^^^^^\n  File \"/Users/a123/Library/Python/3.12/lib/python/site-packages/playwright/_impl/_assertions.py\", line 741, in to_be_visible\n    await self._expect_impl(\n  File \"/Users/a123/Library/Python/3.12/lib/python/site-packages/playwright/_impl/_assertions.py\", line 75, in _expect_impl\n    raise AssertionError(\n"}, "steps": [{"name": "Checking that image \"Navbar logo\" is visible", "status": "failed", "statusDetails": {"message": "AssertionError: Locator expected to be visible\nActual value: <element(s) not found> \nCall log:\n  - Expect \"to_be_visible\" with timeout 5000ms\n  - waiting for get_by_test_id(\"navbar-logo\").first\n\n", "trace": "  File \"/Users/a123/Desktop/autotests-ui/elements/base_element.py\", line 31, in check_visible\n    expect(locator).to_be_visible()\n  File \"/Users/a123/Library/Python/3.12/lib/python/site-packages/playwright/sync_api/_generated.py\", line 20382, in to_be_visible\n    self._sync(self._impl_obj.to_be_visible(visible=visible, timeout=timeout))\n  File \"/Users/a123/Library/Python/3.12/lib/python/site-packages/playwright/_impl/_sync_base.py\", line 115, in _sync\n    return task.result()\n           ^^^^^^^^^^^^^\n  File \"/Users/a123/Library/Python/3.12/lib/python/site-packages/playwright/_impl/_assertions.py\", line 741, in to_be_visible\n    await self._expect_impl(\n  File \"/Users/a123/Library/Python/3.12/lib/python/site-packages/playwright/_impl/_assertions.py\", line 75, in _expect_impl\n    raise AssertionError(\n"}, "steps": [{"name": "Getting locator with \"data-testid=navbar-logo\" at index \"0\"", "status": "passed", "start": 1755001697184, "stop": 1755001697184}], "start": 1755001697184, "stop": 1755001702196}], "parameters": [{"name": "username", "value": "'username'"}], "start": 1755001697184, "stop": 1755001702200}], "parameters": [{"name": "chromium_page", "value": "'Browser.FIREFOX'"}], "start": 1755001695046, "stop": 1755001702204, "uuid": "6db0f5f3-45c7-4fce-9a52-8e053e0c8a56", "historyId": "6351c2d139ac20a19b6e8f717f552e8a", "testCaseId": "bcc9a804195f7b2f6ea23bcf2d5a6711", "fullName": "tests.authentication.test_authorization.TestAuthorization#test_successful_authorization", "labels": [{"name": "epic", "value": "LMS system"}, {"name": "tag", "value": "REGRESSION"}, {"name": "feature", "value": "Authentication"}, {"name": "tag", "value": "AUTHORIZATION"}, {"name": "suite", "value": "Authentication"}, {"name": "tag", "value": "USER_LOGIN"}, {"name": "subSuite", "value": "Authorization"}, {"name": "parentSuite", "value": "LMS system"}, {"name": "story", "value": "Authorization"}, {"name": "severity", "value": "blocker"}, {"name": "tag", "value": "authorization"}, {"name": "tag", "value": "regression"}, {"name": "host", "value": "MacBook-Pro-0000.local"}, {"name": "thread", "value": "61074-MainThread"}, {"name": "framework", "value": "pytest"}, {"name": "language", "value": "cpython3"}, {"name": "package", "value": "tests.authentication.test_authorization"}]}