{"name": "Create course", "status": "failed", "statusDetails": {"message": "AssertionError: Locator expected to be visible\nActual value: <element(s) not found> \nCall log:\n  - Expect \"to_be_visible\" with timeout 5000ms\n  - waiting for get_by_test_id(\"create-course-toolbar-title-text\").first", "trace": "self = <test_courses.TestCourses object at 0x10594aed0>\ncreate_course_page = <pages.courses.create_course_page.CreateCoursePage object at 0x106a9d850>\ncourses_list_page = <pages.courses.courses_list_page.CoursesListPage object at 0x106a565d0>\n\n    @allure.title(\"Create course\")\n    @allure.severity(Severity.CRITICAL)\n    def test_create_course(self, create_course_page: CreateCoursePage, courses_list_page: CoursesListPage):\n        \"\"\"\n        Тест для проверки создания курса.\n        Использует фикстуры create_course_page и courses_list_page.\n        \"\"\"\n        # 1. Открыть страницу создания курса\n        create_course_page.visit(AppRoute.COURSES_CREATE)  # Используем AppRoute\n    \n        # 2. Проверить наличие заголовка \"Create course\"\n>       create_course_page.check_visible_create_course_title()\n\ntests/courses/test_courses.py:56: \n_ _ _ _ _ _ _ _ _ _ _ _ _ _ _ _ _ _ _ _ _ _ _ _ _ _ _ _ _ _ _ _ _ _ _ _ _ _ _ _ _ _ _ _ _ _ _ _ _ _ _ _ _ _ \npages/courses/create_course_page.py:24: in check_visible_create_course_title\n    self.toolbar_view.check_visible(is_create_course_disabled=True)\ncomponents/courses/create_course_toolbar_view_component.py:19: in check_visible\n    self.title.check_visible()\n_ _ _ _ _ _ _ _ _ _ _ _ _ _ _ _ _ _ _ _ _ _ _ _ _ _ _ _ _ _ _ _ _ _ _ _ _ _ _ _ _ _ _ _ _ _ _ _ _ _ _ _ _ _ \n\nself = <elements.text.Text object at 0x106a567e0>, nth = 0, kwargs = {}\nlocator = <Locator frame=<Frame name= url='https://nikita-filonov.github.io/qa-automation-engineer-ui-course/#/auth/login'> selector='internal:testid=[data-testid=\"create-course-toolbar-title-text\"s] >> nth=0'>\n\n    def check_visible(self, nth: int = 0, **kwargs):\n        \"\"\"Проверяет видимость элемента на странице.\"\"\"\n        with allure.step(f'Checking that {self.type_of} \"{self.name}\" is visible'):  # Добавили шаг\n            locator = self.get_locator(nth, **kwargs)\n>           expect(locator).to_be_visible()\nE           AssertionError: Locator expected to be visible\nE           Actual value: <element(s) not found> \nE           Call log:\nE             - Expect \"to_be_visible\" with timeout 5000ms\nE             - waiting for get_by_test_id(\"create-course-toolbar-title-text\").first\n\nelements/base_element.py:31: AssertionError"}, "description": "\n        Тест для проверки создания курса.\n        Использует фикстуры create_course_page и courses_list_page.\n        ", "steps": [{"name": "Opening the url \"AppRoute.COURSES_CREATE\"", "status": "passed", "start": 1755001755861, "stop": 1755001757468}, {"name": "Check visible create course toolbar", "status": "failed", "statusDetails": {"message": "AssertionError: Locator expected to be visible\nActual value: <element(s) not found> \nCall log:\n  - Expect \"to_be_visible\" with timeout 5000ms\n  - waiting for get_by_test_id(\"create-course-toolbar-title-text\").first\n\n", "trace": "  File \"/Library/Frameworks/Python.framework/Versions/3.12/lib/python3.12/site-packages/allure_commons/_allure.py\", line 192, in impl\n    return func(*a, **kw)\n           ^^^^^^^^^^^^^^\n  File \"/Users/a123/Desktop/autotests-ui/components/courses/create_course_toolbar_view_component.py\", line 19, in check_visible\n    self.title.check_visible()\n  File \"/Users/a123/Desktop/autotests-ui/elements/base_element.py\", line 31, in check_visible\n    expect(locator).to_be_visible()\n  File \"/Users/a123/Library/Python/3.12/lib/python/site-packages/playwright/sync_api/_generated.py\", line 20382, in to_be_visible\n    self._sync(self._impl_obj.to_be_visible(visible=visible, timeout=timeout))\n  File \"/Users/a123/Library/Python/3.12/lib/python/site-packages/playwright/_impl/_sync_base.py\", line 115, in _sync\n    return task.result()\n           ^^^^^^^^^^^^^\n  File \"/Users/a123/Library/Python/3.12/lib/python/site-packages/playwright/_impl/_assertions.py\", line 741, in to_be_visible\n    await self._expect_impl(\n  File \"/Users/a123/Library/Python/3.12/lib/python/site-packages/playwright/_impl/_assertions.py\", line 75, in _expect_impl\n    raise AssertionError(\n"}, "steps": [{"name": "Checking that text \"Create course title\" is visible", "status": "failed", "statusDetails": {"message": "AssertionError: Locator expected to be visible\nActual value: <element(s) not found> \nCall log:\n  - Expect \"to_be_visible\" with timeout 5000ms\n  - waiting for get_by_test_id(\"create-course-toolbar-title-text\").first\n\n", "trace": "  File \"/Users/a123/Desktop/autotests-ui/elements/base_element.py\", line 31, in check_visible\n    expect(locator).to_be_visible()\n  File \"/Users/a123/Library/Python/3.12/lib/python/site-packages/playwright/sync_api/_generated.py\", line 20382, in to_be_visible\n    self._sync(self._impl_obj.to_be_visible(visible=visible, timeout=timeout))\n  File \"/Users/a123/Library/Python/3.12/lib/python/site-packages/playwright/_impl/_sync_base.py\", line 115, in _sync\n    return task.result()\n           ^^^^^^^^^^^^^\n  File \"/Users/a123/Library/Python/3.12/lib/python/site-packages/playwright/_impl/_assertions.py\", line 741, in to_be_visible\n    await self._expect_impl(\n  File \"/Users/a123/Library/Python/3.12/lib/python/site-packages/playwright/_impl/_assertions.py\", line 75, in _expect_impl\n    raise AssertionError(\n"}, "steps": [{"name": "Getting locator with \"data-testid=create-course-toolbar-title-text\" at index \"0\"", "status": "passed", "start": 1755001757469, "stop": 1755001757469}], "start": 1755001757469, "stop": 1755001762482}], "parameters": [{"name": "is_create_course_disabled", "value": "True"}], "start": 1755001757469, "stop": 1755001762483}], "parameters": [{"name": "chromium_page", "value": "'Browser.FIREFOX'"}], "start": 1755001755861, "stop": 1755001762484, "uuid": "3a7d22e6-9871-4f09-ac63-9eaaa78f0ad3", "historyId": "533678216777742639944ea1937ac901", "testCaseId": "b2358a8d7f2f37aff8aaa00005adc7b1", "fullName": "tests.courses.test_courses.TestCourses#test_create_course", "labels": [{"name": "epic", "value": "LMS system"}, {"name": "severity", "value": "critical"}, {"name": "tag", "value": "REGRESSION"}, {"name": "feature", "value": "Courses"}, {"name": "subSuite", "value": "Courses"}, {"name": "suite", "value": "Courses"}, {"name": "tag", "value": "COURSES"}, {"name": "parentSuite", "value": "LMS system"}, {"name": "story", "value": "Courses"}, {"name": "tag", "value": "regression"}, {"name": "tag", "value": "courses"}, {"name": "host", "value": "MacBook-Pro-0000.local"}, {"name": "thread", "value": "61074-MainThread"}, {"name": "framework", "value": "pytest"}, {"name": "language", "value": "cpython3"}, {"name": "package", "value": "tests.courses.test_courses"}]}