{"name": "Check displaying of dashboard page", "status": "failed", "statusDetails": {"message": "AssertionError: Locator expected to be visible\nActual value: <element(s) not found> \nCall log:\n  - Expect \"to_be_visible\" with timeout 5000ms\n  - waiting for get_by_test_id(\"navbar-logo\").first", "trace": "self = <test_dashboard.TestDashboard object at 0x10594be00>\ndashboard_page_with_state = <pages.dashboard.dashboard_page.DashboardPage object at 0x105d2fd70>\n\n    @allure.title(\"Check displaying of dashboard page\")\n    @allure.severity(Severity.NORMAL)\n    def test_dashboard_displaying(self, dashboard_page_with_state: DashboardPage):\n        dashboard_page_with_state.visit(AppRoute.DASHBOARD)  # Используем AppRoute\n    \n        # Проверка компонентов навигации\n>       dashboard_page_with_state.navbar.check_visible(settings.test_user.username)  # Используем settings\n\ntests/dashboard/test_dashboard.py:30: \n_ _ _ _ _ _ _ _ _ _ _ _ _ _ _ _ _ _ _ _ _ _ _ _ _ _ _ _ _ _ _ _ _ _ _ _ _ _ _ _ _ _ _ _ _ _ _ _ _ _ _ _ _ _ \ncomponents/navigation/navbar_component.py:20: in check_visible\n    self.navbar_logo.check_visible()\n_ _ _ _ _ _ _ _ _ _ _ _ _ _ _ _ _ _ _ _ _ _ _ _ _ _ _ _ _ _ _ _ _ _ _ _ _ _ _ _ _ _ _ _ _ _ _ _ _ _ _ _ _ _ \n\nself = <elements.image.Image object at 0x105d2d130>, nth = 0, kwargs = {}\nlocator = <Locator frame=<Frame name= url='https://nikita-filonov.github.io/qa-automation-engineer-ui-course/#/auth/login'> selector='internal:testid=[data-testid=\"navbar-logo\"s] >> nth=0'>\n\n    def check_visible(self, nth: int = 0, **kwargs):\n        \"\"\"Проверяет видимость элемента на странице.\"\"\"\n        with allure.step(f'Checking that {self.type_of} \"{self.name}\" is visible'):  # Добавили шаг\n            locator = self.get_locator(nth, **kwargs)\n>           expect(locator).to_be_visible()\nE           AssertionError: Locator expected to be visible\nE           Actual value: <element(s) not found> \nE           Call log:\nE             - Expect \"to_be_visible\" with timeout 5000ms\nE             - waiting for get_by_test_id(\"navbar-logo\").first\n\nelements/base_element.py:31: AssertionError"}, "steps": [{"name": "Opening the url \"AppRoute.DASHBOARD\"", "status": "passed", "start": 1755001868461, "stop": 1755001869590}, {"name": "Check visible navbar with username \"'username'\"", "status": "failed", "statusDetails": {"message": "AssertionError: Locator expected to be visible\nActual value: <element(s) not found> \nCall log:\n  - Expect \"to_be_visible\" with timeout 5000ms\n  - waiting for get_by_test_id(\"navbar-logo\").first\n\n", "trace": "  File \"/Library/Frameworks/Python.framework/Versions/3.12/lib/python3.12/site-packages/allure_commons/_allure.py\", line 192, in impl\n    return func(*a, **kw)\n           ^^^^^^^^^^^^^^\n  File \"/Users/a123/Desktop/autotests-ui/components/navigation/navbar_component.py\", line 20, in check_visible\n    self.navbar_logo.check_visible()\n  File \"/Users/a123/Desktop/autotests-ui/elements/base_element.py\", line 31, in check_visible\n    expect(locator).to_be_visible()\n  File \"/Users/a123/Library/Python/3.12/lib/python/site-packages/playwright/sync_api/_generated.py\", line 20382, in to_be_visible\n    self._sync(self._impl_obj.to_be_visible(visible=visible, timeout=timeout))\n  File \"/Users/a123/Library/Python/3.12/lib/python/site-packages/playwright/_impl/_sync_base.py\", line 115, in _sync\n    return task.result()\n           ^^^^^^^^^^^^^\n  File \"/Users/a123/Library/Python/3.12/lib/python/site-packages/playwright/_impl/_assertions.py\", line 741, in to_be_visible\n    await self._expect_impl(\n  File \"/Users/a123/Library/Python/3.12/lib/python/site-packages/playwright/_impl/_assertions.py\", line 75, in _expect_impl\n    raise AssertionError(\n"}, "steps": [{"name": "Checking that image \"Navbar logo\" is visible", "status": "failed", "statusDetails": {"message": "AssertionError: Locator expected to be visible\nActual value: <element(s) not found> \nCall log:\n  - Expect \"to_be_visible\" with timeout 5000ms\n  - waiting for get_by_test_id(\"navbar-logo\").first\n\n", "trace": "  File \"/Users/a123/Desktop/autotests-ui/elements/base_element.py\", line 31, in check_visible\n    expect(locator).to_be_visible()\n  File \"/Users/a123/Library/Python/3.12/lib/python/site-packages/playwright/sync_api/_generated.py\", line 20382, in to_be_visible\n    self._sync(self._impl_obj.to_be_visible(visible=visible, timeout=timeout))\n  File \"/Users/a123/Library/Python/3.12/lib/python/site-packages/playwright/_impl/_sync_base.py\", line 115, in _sync\n    return task.result()\n           ^^^^^^^^^^^^^\n  File \"/Users/a123/Library/Python/3.12/lib/python/site-packages/playwright/_impl/_assertions.py\", line 741, in to_be_visible\n    await self._expect_impl(\n  File \"/Users/a123/Library/Python/3.12/lib/python/site-packages/playwright/_impl/_assertions.py\", line 75, in _expect_impl\n    raise AssertionError(\n"}, "steps": [{"name": "Getting locator with \"data-testid=navbar-logo\" at index \"0\"", "status": "passed", "start": 1755001869590, "stop": 1755001869590}], "start": 1755001869590, "stop": 1755001874597}], "parameters": [{"name": "username", "value": "'username'"}], "start": 1755001869590, "stop": 1755001874598}], "parameters": [{"name": "chromium_page_with_state", "value": "'Browser.WEBKIT'"}], "start": 1755001868460, "stop": 1755001874598, "uuid": "c88827ed-a659-4c50-901d-e761ffc138b5", "historyId": "a17840214f48630f4981881e7ef1dde7", "testCaseId": "25f387af66c289a0b7b8d940681ab110", "fullName": "tests.dashboard.test_dashboard.TestDashboard#test_dashboard_displaying", "labels": [{"name": "epic", "value": "LMS system"}, {"name": "tag", "value": "REGRESSION"}, {"name": "severity", "value": "normal"}, {"name": "suite", "value": "Dashboard"}, {"name": "subSuite", "value": "Dashboard"}, {"name": "story", "value": "Dashboard"}, {"name": "parentSuite", "value": "LMS system"}, {"name": "feature", "value": "Dashboard"}, {"name": "tag", "value": "DASHBOARD"}, {"name": "tag", "value": "regression"}, {"name": "tag", "value": "dashboard"}, {"name": "host", "value": "MacBook-Pro-0000.local"}, {"name": "thread", "value": "61074-MainThread"}, {"name": "framework", "value": "pytest"}, {"name": "language", "value": "cpython3"}, {"name": "package", "value": "tests.dashboard.test_dashboard"}]}