{"name": "Check displaying of empty courses list", "status": "failed", "statusDetails": {"message": "AssertionError: Locator expected to be visible\nActual value: <element(s) not found> \nCall log:\n  - Expect \"to_be_visible\" with timeout 5000ms\n  - waiting for get_by_test_id(\"navbar-logo\").first", "trace": "self = <test_courses.TestCourses object at 0x10594a960>\ncourses_list_page_with_state = <pages.courses.courses_list_page.CoursesListPage object at 0x106a13230>\n\n    @allure.title(\"Check displaying of empty courses list\")\n    @allure.severity(Severity.NORMAL)\n    def test_empty_courses_list(self, courses_list_page_with_state: CoursesListPage):\n        \"\"\"\n        Тест для проверки пустого списка курсов.\n        Использует фикстуру courses_list_page_with_state для работы с авторизованной сессией.\n        \"\"\"\n        # Переход на страницу курсов\n        courses_list_page_with_state.visit(AppRoute.COURSES)  # Используем AppRoute\n    \n        # Проверка компонентов навигации\n>       courses_list_page_with_state.navbar.check_visible(settings.test_user.username)  # Используем settings\n\ntests/courses/test_courses.py:36: \n_ _ _ _ _ _ _ _ _ _ _ _ _ _ _ _ _ _ _ _ _ _ _ _ _ _ _ _ _ _ _ _ _ _ _ _ _ _ _ _ _ _ _ _ _ _ _ _ _ _ _ _ _ _ \ncomponents/navigation/navbar_component.py:20: in check_visible\n    self.navbar_logo.check_visible()\n_ _ _ _ _ _ _ _ _ _ _ _ _ _ _ _ _ _ _ _ _ _ _ _ _ _ _ _ _ _ _ _ _ _ _ _ _ _ _ _ _ _ _ _ _ _ _ _ _ _ _ _ _ _ \n\nself = <elements.image.Image object at 0x106a13c50>, nth = 0, kwargs = {}\nlocator = <Locator frame=<Frame name= url='https://nikita-filonov.github.io/qa-automation-engineer-ui-course/#/auth/login'> selector='internal:testid=[data-testid=\"navbar-logo\"s] >> nth=0'>\n\n    def check_visible(self, nth: int = 0, **kwargs):\n        \"\"\"Проверяет видимость элемента на странице.\"\"\"\n        with allure.step(f'Checking that {self.type_of} \"{self.name}\" is visible'):  # Добавили шаг\n            locator = self.get_locator(nth, **kwargs)\n>           expect(locator).to_be_visible()\nE           AssertionError: Locator expected to be visible\nE           Actual value: <element(s) not found> \nE           Call log:\nE             - Expect \"to_be_visible\" with timeout 5000ms\nE             - waiting for get_by_test_id(\"navbar-logo\").first\n\nelements/base_element.py:31: AssertionError"}, "description": "\n        Тест для проверки пустого списка курсов.\n        Использует фикстуру courses_list_page_with_state для работы с авторизованной сессией.\n        ", "steps": [{"name": "Opening the url \"AppRoute.COURSES\"", "status": "passed", "start": 1755001734276, "stop": 1755001735867}, {"name": "Check visible navbar with username \"'username'\"", "status": "failed", "statusDetails": {"message": "AssertionError: Locator expected to be visible\nActual value: <element(s) not found> \nCall log:\n  - Expect \"to_be_visible\" with timeout 5000ms\n  - waiting for get_by_test_id(\"navbar-logo\").first\n\n", "trace": "  File \"/Library/Frameworks/Python.framework/Versions/3.12/lib/python3.12/site-packages/allure_commons/_allure.py\", line 192, in impl\n    return func(*a, **kw)\n           ^^^^^^^^^^^^^^\n  File \"/Users/a123/Desktop/autotests-ui/components/navigation/navbar_component.py\", line 20, in check_visible\n    self.navbar_logo.check_visible()\n  File \"/Users/a123/Desktop/autotests-ui/elements/base_element.py\", line 31, in check_visible\n    expect(locator).to_be_visible()\n  File \"/Users/a123/Library/Python/3.12/lib/python/site-packages/playwright/sync_api/_generated.py\", line 20382, in to_be_visible\n    self._sync(self._impl_obj.to_be_visible(visible=visible, timeout=timeout))\n  File \"/Users/a123/Library/Python/3.12/lib/python/site-packages/playwright/_impl/_sync_base.py\", line 115, in _sync\n    return task.result()\n           ^^^^^^^^^^^^^\n  File \"/Users/a123/Library/Python/3.12/lib/python/site-packages/playwright/_impl/_assertions.py\", line 741, in to_be_visible\n    await self._expect_impl(\n  File \"/Users/a123/Library/Python/3.12/lib/python/site-packages/playwright/_impl/_assertions.py\", line 75, in _expect_impl\n    raise AssertionError(\n"}, "steps": [{"name": "Checking that image \"Navbar logo\" is visible", "status": "failed", "statusDetails": {"message": "AssertionError: Locator expected to be visible\nActual value: <element(s) not found> \nCall log:\n  - Expect \"to_be_visible\" with timeout 5000ms\n  - waiting for get_by_test_id(\"navbar-logo\").first\n\n", "trace": "  File \"/Users/a123/Desktop/autotests-ui/elements/base_element.py\", line 31, in check_visible\n    expect(locator).to_be_visible()\n  File \"/Users/a123/Library/Python/3.12/lib/python/site-packages/playwright/sync_api/_generated.py\", line 20382, in to_be_visible\n    self._sync(self._impl_obj.to_be_visible(visible=visible, timeout=timeout))\n  File \"/Users/a123/Library/Python/3.12/lib/python/site-packages/playwright/_impl/_sync_base.py\", line 115, in _sync\n    return task.result()\n           ^^^^^^^^^^^^^\n  File \"/Users/a123/Library/Python/3.12/lib/python/site-packages/playwright/_impl/_assertions.py\", line 741, in to_be_visible\n    await self._expect_impl(\n  File \"/Users/a123/Library/Python/3.12/lib/python/site-packages/playwright/_impl/_assertions.py\", line 75, in _expect_impl\n    raise AssertionError(\n"}, "steps": [{"name": "Getting locator with \"data-testid=navbar-logo\" at index \"0\"", "status": "passed", "start": 1755001735867, "stop": 1755001735868}], "start": 1755001735867, "stop": 1755001740880}], "parameters": [{"name": "username", "value": "'username'"}], "start": 1755001735867, "stop": 1755001740881}], "parameters": [{"name": "chromium_page_with_state", "value": "'Browser.FIREFOX'"}], "start": 1755001734276, "stop": 1755001740882, "uuid": "b3e12de0-0469-429d-bbc7-891e37e42688", "historyId": "3d98902623a5c716e01ef4b53b6b0bca", "testCaseId": "90d39b65ed1a93c858227630693d202b", "fullName": "tests.courses.test_courses.TestCourses#test_empty_courses_list", "labels": [{"name": "epic", "value": "LMS system"}, {"name": "tag", "value": "REGRESSION"}, {"name": "feature", "value": "Courses"}, {"name": "subSuite", "value": "Courses"}, {"name": "suite", "value": "Courses"}, {"name": "tag", "value": "COURSES"}, {"name": "severity", "value": "normal"}, {"name": "parentSuite", "value": "LMS system"}, {"name": "story", "value": "Courses"}, {"name": "tag", "value": "regression"}, {"name": "tag", "value": "courses"}, {"name": "host", "value": "MacBook-Pro-0000.local"}, {"name": "thread", "value": "61074-MainThread"}, {"name": "framework", "value": "pytest"}, {"name": "language", "value": "cpython3"}, {"name": "package", "value": "tests.courses.test_courses"}]}